[dotenv@17.3.1] injecting env (8) from .env.local -- tip: ⚡️ secrets for agents: https://dotenvx.com/as2

════════════════════════════════════════════════════════════
  Step 7: Dedup Charities
════════════════════════════════════════════════════════════

════════════════════════════════════════════════════════════
  Strategy A: URL-based Dedup
════════════════════════════════════════════════════════════
  0 website URL duplicate groups
  39 grant page URL duplicate groups
  [grant-page-url] 45South Foundation (keep id=76032 CC55258)
    ← merge id=91547 CUCB49B2FE (0 grants)
  skip grant-page-url group (dissimilar names): Acorn Foundation, Abbeyfield Western Bay of Plenty Incorporated
  skip grant-page-url group (dissimilar names): Anglican World Aid (Aotearoa) Limited, Anglican Missions Board of the Church in Aotearoa, New Zealand and Polynesia
  skip grant-page-url group (dissimilar names): Leukaemia & Blood Cancer Endowment Fund, Blood Cancer NZ
  skip grant-page-url group (dissimilar names): Waikato/Bay of Plenty Cancer Support Trust, C.M Laing Charitable Trust, Southern Cancer Society Trust
  skip grant-page-url group (dissimilar names): Erskine Trust, Canterbury Law Review Trust
  skip grant-page-url group (dissimilar names): Pacific Development And Conservation Trust, Norman Kirk Memorial Trust, Community Organisations Grants Scheme (COGS)
  skip grant-page-url group (dissimilar names): South Dunedin Hall Trust, Dunedin City Council
  skip grant-page-url group (dissimilar names): Lions Club of Stratford Charitable  Trust, Cromwell Lions Club Charitable Trust, Lions Club of Gisborne Wainui Charitable Trust (+2 more)
  skip grant-page-url group (dissimilar names): Humanitix New Zealand Charitable Trust, Marshall-Inman Whakaari Trust
  skip grant-page-url group (dissimilar names): Te Wherowhero Lagoon Restoration Trust, Gisborne District Council
  skip grant-page-url group (dissimilar names): The Hokonui Heritage Centre Trust, Gore District Council
  skip grant-page-url group (dissimilar names): Greenhithe Community Trust Board, twosevenfive. Foundation
  skip grant-page-url group (dissimilar names): The Esme and Tom Tombleson Charitable Trust, The Lawn Bowls Promotion and Development Trust
  skip grant-page-url group (dissimilar names): West Coast Coal Heritage Trust, Grey District Council
  skip grant-page-url group (dissimilar names): The Manawatu-Whanganui Regional Disaster Relief Fund Trust, Horizons Regional Council
  skip grant-page-url group (dissimilar names): Queen Mary Historic Reserve Charitable Trust Hanmer Springs, Hurunui District Council
  skip grant-page-url group (dissimilar names): SEED OF HOPE, Love Queenstown
  skip grant-page-url group (dissimilar names): New Zealand Korea Woman's Christian Temperance Union, Auckland Korean Choir Inc
  skip grant-page-url group (dissimilar names): St Andrew's Family Trust, Nelson Anglicans
  skip grant-page-url group (dissimilar names): Tūhoe Charitable Trust, Te Waiiti Marae Ruatahuna
  skip grant-page-url group (dissimilar names): Nga Tawa Trust, Nga Tawa Diocesan School Old Girls Association Incorporated
  skip grant-page-url group (dissimilar names): Ngati Rarua Iwi Trust, Tokomaru Research Centre Limited
  skip grant-page-url group (dissimilar names): Kimihia Number 3 Limited, Ngati Toa Limited
  skip grant-page-url group (dissimilar names): The Opotiki Community Development Trust, Ōpōtiki District Council
  skip grant-page-url group (dissimilar names): Childrens Issues Centre Trust, J A D Iverach Memorial Charitable Trust
  skip grant-page-url group (dissimilar names): The People Potential Charitable Trust, Oxford Sports Trust Inc.
  skip grant-page-url group (dissimilar names): Perinatal Wellbeing Canterbury Trust, Life Matters Suicide Prevention Trust
  skip grant-page-url group (dissimilar names): ReBicycle Charitable Trust, Ruamahanga Restoration Trust
  skip grant-page-url group (dissimilar names): Hataitai Amateur Swimming Club Incorporated , Featherston Junior Football Club Incorporated
  skip grant-page-url group (dissimilar names): St Paul's Collegiate School Association Incorporated, St Paul's Foundation Limited
  skip grant-page-url group (dissimilar names): Waihikurangi Charitable Trust, Te Nehenehenui Trust
  skip grant-page-url group (dissimilar names): Tupu-Ā-Nuku Limited, Te Rarawa Anga Mua Trust
  skip grant-page-url group (dissimilar names): Te Waimana Kaaku Trust, Te Rau Ora Limited
  skip grant-page-url group (dissimilar names): The Students Campus Building Fund Trust , The University of Waikato Foundation
  skip grant-page-url group (dissimilar names): Waipa Community Trust, Waipa District Council
  skip grant-page-url group (dissimilar names): Wesley College Amenities Charitable Trust, The Wesley Foundation
  skip grant-page-url group (dissimilar names): Sarjeant Gallery Trust Board, Whanganui District Council
  skip grant-page-url group (dissimilar names): The Neighbourhood Literacy Project, Youth Grants Trust
  38 grant page URL groups skipped (aggregator pages)

════════════════════════════════════════════════════════════
  Strategy B: Exact Name Dedup
════════════════════════════════════════════════════════════
  38 exact name duplicate groups
  skip name-exact "publictrust" (9 distinct grant page URLs)
  skip name-exact "bay of plenty education trust" (3 distinct grant page URLs)
  skip name-exact "perpetual guardian" (3 distinct grant page URLs)
  skip name-exact "cancer research trust new zealand" (2 distinct grant page URLs)
  skip name-exact "cookie time charitable trust" (2 distinct grant page URLs)
  skip name-exact "creative new zealand" (2 distinct grant page URLs)
  skip name-exact "development west coast" (2 distinct grant page URLs)
  skip name-exact "dunedin casinos charitable trust" (2 distinct grant page URLs)
  skip name-exact "environment" (2 distinct grant page URLs)
  skip name-exact "hamilton" (2 distinct grant page URLs)
  skip name-exact "hastings district council" (2 distinct grant page URLs)
  skip name-exact "health" (2 distinct grant page URLs)
  skip name-exact "love queenstown" (2 distinct grant page URLs)
  skip name-exact "mas foundation" (2 distinct grant page URLs)
  skip name-exact "maurice and phyllis paykel trust" (2 distinct grant page URLs)
  skip name-exact "nelson" (2 distinct grant page URLs)
  skip name-exact "new zealand seniors" (2 distinct grant page URLs)
  skip name-exact "northland community foundation" (2 distinct grant page URLs)
  skip name-exact "northland regional council" (2 distinct grant page URLs)
  skip name-exact "otago regional council" (2 distinct grant page URLs)
  skip name-exact "pacific development and conservation trust" (2 distinct grant page URLs)
  skip name-exact "princess alexandra medical trust" (2 distinct grant page URLs)
  skip name-exact "public trust" (2 distinct grant page URLs)
  skip name-exact "sport new zealand" (2 distinct grant page URLs)
  skip name-exact "tauranga city council" (2 distinct grant page URLs)
  skip name-exact "tauranga moana maori trust board" (2 distinct grant page URLs)
  skip name-exact "the lion foundation" (2 distinct grant page URLs)
  skip name-exact "tū manawa active aotearoa" (2 distinct grant page URLs)
  skip name-exact "victoria university of wellington" (2 distinct grant page URLs)
  skip name-exact "waikato-tainui" (2 distinct grant page URLs)
  skip name-exact "wellington city council" (2 distinct grant page URLs)
  skip name-exact "west coast community trust" (2 distinct grant page URLs)
  skip name-exact "whangarei district council" (2 distinct grant page URLs)
  skip name-exact "wright family foundation" (2 distinct grant page URLs)
  skip name-exact "arts tasmania" (2 distinct grant page URLs)
  skip name-exact "www2" (2 distinct grant page URLs)
  skip name-exact "auckland council" (2 distinct grant page URLs)
  skip name-exact "buller district council" (2 distinct grant page URLs)
  38 exact name groups skipped (distinct grant page URLs)

════════════════════════════════════════════════════════════
  Strategy C: Fuzzy Name Similarity Dedup
════════════════════════════════════════════════════════════
  ? Fuzzy candidate: "AARD Charitable Trust" ↔ "Able Charitable Trust" (sim=0.91, no shared URL/email — skipping)
  ? Fuzzy candidate: "Abbey Charitable Trust" ↔ "Able Charitable Trust" (sim=0.89, no shared URL/email — skipping)
  ? Fuzzy candidate: "Able Charitable Trust" ↔ "Able Music Charitable Trust" (sim=0.86, no shared URL/email — skipping)
  ? Fuzzy candidate: "ACORN AUTISM CHARITABLE TRUST" ↔ "Acorn Charitable Trust" (sim=0.86, no shared URL/email — skipping)
  ? Fuzzy candidate: "Albany Baptist Church" ↔ "Albany Korean Baptist Church" (sim=0.86, no shared URL/email — skipping)
  ? Fuzzy candidate: "Anglican Diocese of Christchurch -  Parish of Hornby" ↔ "Anglican Diocese of Christchurch - Parish of Hororata" (sim=0.91, no shared URL/email — skipping)
  ? Fuzzy candidate: "Anglican Diocese of Christchurch -  Parish of Hornby" ↔ "Anglican Diocese of Christchurch - Parish of Marchwiel" (sim=0.85, no shared URL/email — skipping)
  ? Fuzzy candidate: "Aotearoa Trust" ↔ "Aotearoha Trust" (sim=0.89, no shared URL/email — skipping)
  ? Fuzzy candidate: "Aquaheat Fire New Zealand Limited " ↔ "Aquaheat New Zealand Limited" (sim=0.91, no shared URL/email — skipping)
  ? Fuzzy candidate: "Arts Tasmania" ↔ "Arts Tasmania" (sim=1.00, no shared URL/email — skipping)
  ? Fuzzy candidate: "Assembly Of God (Manurewa Samoans) Trust Board" ↔ "Assembly of God (Manurewa) Trust Board" (sim=0.92, no shared URL/email — skipping)
  ? Fuzzy candidate: "Assembly of God (Papakura) Trust Board" ↔ "Assembly Of God (Tauranga) Trust Board" (sim=0.85, no shared URL/email — skipping)
  ? Fuzzy candidate: "Assembly of God (Picton) Trust Board" ↔ "Assembly of God Ashburton Trust Board" (sim=0.85, no shared URL/email — skipping)
  ? Fuzzy candidate: "Assembly of God Church of Samoa in New Zealand" ↔ "Assembly of God Church of Samoa in New Zealand - Napier" (sim=0.93, no shared URL/email — skipping)
  ? Fuzzy candidate: "Assembly of God Church of Samoa in New Zealand" ↔ "Assembly of God Church of Samoa in New Zealand - Tawa" (sim=0.94, no shared URL/email — skipping)
  ? Fuzzy candidate: "Assembly of God Church of Samoa in New Zealand - Napier" ↔ "Assembly of God Church of Samoa in New Zealand - Tawa" (sim=0.90, no shared URL/email — skipping)
  ? Fuzzy candidate: "Assembly of God Church of Samoa Mangere - Ieova Irae" ↔ "ASSEMBLY OF GOD, CHURCH OF SAMOA, MANGERE EAST" (sim=0.85, no shared URL/email — skipping)
  ? Fuzzy candidate: "Assembly of God Lower Hutt Property Trust Board" ↔ "Assembly of God Upper Hutt Property Trust Board" (sim=0.92, no shared URL/email — skipping)
  ? Fuzzy candidate: "Atawhai Charitable Trust" ↔ "Atuitui Charitable Trust" (sim=0.88, no shared URL/email — skipping)
  ? Fuzzy candidate: "Auckland Council" ↔ "Auckland Council" (sim=1.00, no shared URL/email — skipping)
  ? Fuzzy candidate: "AUEA Charitable Trust" ↔ "Aurora Charitable Trust" (sim=0.86, no shared URL/email — skipping)
  ? Fuzzy candidate: "Awhea Charitable Trust" ↔ "Awhi Charitable Trust" (sim=0.88, no shared URL/email — skipping)
  ? Fuzzy candidate: "BANYUHAY AOTEAROA CHARITABLE TRUST" ↔ "Barangay Aotearoa Charitable Trust" (sim=0.90, no shared URL/email — skipping)
  ? Fuzzy candidate: "Bay of Plenty Education Trust" ↔ "Bay of Plenty Education Trust" (sim=1.00, no shared URL/email — skipping)
  ? Fuzzy candidate: "Bay of Plenty Education Trust" ↔ "Bay of Plenty Education Trust" (sim=1.00, no shared URL/email — skipping)
  ? Fuzzy candidate: "Bay of Plenty Education Trust" ↔ "Bay of Plenty Farmers Education Trust" (sim=0.87, no shared URL/email — skipping)
  ? Fuzzy candidate: "Bay of Plenty Education Trust" ↔ "Bay of Plenty Education Trust" (sim=1.00, no shared URL/email — skipping)
  ? Fuzzy candidate: "Bay of Plenty Education Trust" ↔ "Bay of Plenty Farmers Education Trust" (sim=0.87, no shared URL/email — skipping)
  ? Fuzzy candidate: "Bay of Plenty Education Trust" ↔ "Bay of Plenty Farmers Education Trust" (sim=0.87, no shared URL/email — skipping)
  ? Fuzzy candidate: "BIAS CHARITABLE TRUST" ↔ "Big Chats Charitable Trust" (sim=0.86, no shared URL/email — skipping)
  ? Fuzzy candidate: "Blue House Charitable Trust" ↔ "Blues Charitable Trust" (sim=0.86, no shared URL/email — skipping)
  ? Fuzzy candidate: "BlueOrb Charitable Trust" ↔ "Blues Charitable Trust" (sim=0.86, no shared URL/email — skipping)
  ? Fuzzy candidate: "Blues Charitable Trust" ↔ "Bluespur Charitable Trust" (sim=0.88, no shared URL/email — skipping)
  ? Fuzzy candidate: "Braemar Charitable Trust" ↔ "Brave Charitable Trust" (sim=0.86, no shared URL/email — skipping)
  ? Fuzzy candidate: "Bread Of Life Christian Church In Auckland" ↔ "Bread Of Life Christian Church In Christchurch" (sim=0.88, no shared URL/email — skipping)
  ? Fuzzy candidate: "Buller District Council" ↔ "Buller District Council" (sim=1.00, no shared URL/email — skipping)
  ? Fuzzy candidate: "Cambridge Community Marae Incorporated" ↔ "Cambridge Community Menzshed Incorporated" (sim=0.86, no shared URL/email — skipping)
  ? Fuzzy candidate: "Cancer Research Trust New Zealand" ↔ "Cancer Research Trust New Zealand" (sim=1.00, no shared URL/email — skipping)
  ? Fuzzy candidate: "Canterbury Softball Charitable Trust" ↔ "Canterbury Somali Charitable Trust" (sim=0.85, no shared URL/email — skipping)
  ? Fuzzy candidate: "Castle Charitable Trust" ↔ "Caves Charitable Trust" (sim=0.85, no shared URL/email — skipping)
  ? Fuzzy candidate: "Celebration Centre Trust" ↔ "Celebration Trust" (sim=0.86, no shared URL/email — skipping)
  ? Fuzzy candidate: "Central Hawkes Bay District Council" ↔ "Central Hawke’s Bay District Council" (sim=1.00, no shared URL/email — skipping)
  ? Fuzzy candidate: "Clarity Charitable Trust" ↔ "Clark Charitable Trust" (sim=0.90, no shared URL/email — skipping)
  ? Fuzzy candidate: "Community Development Network Trust" ↔ "Community Development Trust" (sim=0.87, no shared URL/email — skipping)
  ? Fuzzy candidate: "Community Trust of Mid & South Canterbury" ↔ "Community Trust of Mid and South Canterbury" (sim=0.96, no shared URL/email — skipping)
  ? Fuzzy candidate: "Congregational Christian Church in Samoa (Sandringham) Trust Board" ↔ "Congregational Christian Church of Samoa Onehunga Trust Board" (sim=0.86, no shared URL/email — skipping)
  ? Fuzzy candidate: "Congregational Christian Church of Samoa (Petone) Trust Board" ↔ "Congregational Christian Church of Samoa Mangere Trust Board" (sim=0.91, no shared URL/email — skipping)
  ? Fuzzy candidate: "Congregational Christian Church of Samoa (Petone) Trust Board" ↔ "Congregational Christian Church of Samoa Onehunga Trust Board" (sim=0.93, no shared URL/email — skipping)
  ? Fuzzy candidate: "Congregational Christian Church of Samoa (Petone) Trust Board" ↔ "Congregational Christian Church Of Samoa Papatoetoe Trust Board" (sim=0.95, no shared URL/email — skipping)
  ? Fuzzy candidate: "Congregational Christian Church of Samoa Mangere Trust Board" ↔ "Congregational Christian Church of Samoa Onehunga Trust Board" (sim=0.92, no shared URL/email — skipping)
  ? Fuzzy candidate: "Congregational Christian Church of Samoa Mangere Trust Board" ↔ "Congregational Christian Church Of Samoa Papatoetoe Trust Board" (sim=0.90, no shared URL/email — skipping)
  ? Fuzzy candidate: "Congregational Christian Church of Samoa Onehunga Trust Board" ↔ "Congregational Christian Church Of Samoa Papatoetoe Trust Board" (sim=0.90, no shared URL/email — skipping)
  ? Fuzzy candidate: "Connect Community Trust" ↔ "Connections Community Trust" (sim=0.89, no shared URL/email — skipping)
  ? Fuzzy candidate: "Cookie Time Charitable Trust" ↔ "Cookie Time Charitable Trust" (sim=1.00, no shared URL/email — skipping)
  ? Fuzzy candidate: "Creative New Zealand" ↔ "Creative New Zealand" (sim=1.00, no shared URL/email — skipping)
  ? Fuzzy candidate: "Development West Coast" ↔ "Development West Coast" (sim=1.00, no shared URL/email — skipping)
  ? Fuzzy candidate: "Dollawrie Charitable Trust" ↔ "Dorie Charitable Trust" (sim=0.86, no shared URL/email — skipping)
  ? Fuzzy candidate: "Dorie Charitable Trust" ↔ "Dove Charitable Trust" (sim=0.89, no shared URL/email — skipping)
  ? Fuzzy candidate: "Dunedin Casinos Charitable Trust" ↔ "Dunedin Casinos Charitable Trust" (sim=1.00, no shared URL/email — skipping)
  ? Fuzzy candidate: "Dunedin Casinos Charitable Trust" ↔ "Dunedin Christmas Charitable Trust" (sim=0.86, no shared URL/email — skipping)
  ? Fuzzy candidate: "Dunedin Casinos Charitable Trust" ↔ "Dunedin Christmas Charitable Trust" (sim=0.86, no shared URL/email — skipping)
  ? Fuzzy candidate: "Eagles Golfing Society of Canterbury Incorporated" ↔ "Eagles Golfing Society Of Otago Incorporated" (sim=0.85, no shared URL/email — skipping)
  ? Fuzzy candidate: "Eagles Golfing Society Of Gisborne Incorporated" ↔ "Eagles Golfing Society Of Otago Incorporated" (sim=0.88, no shared URL/email — skipping)
  ? Fuzzy candidate: "Eagles Golfing Society of Hawkes Bay Incorporated" ↔ "Eagles Golfing Society Of Otago Incorporated" (sim=0.86, no shared URL/email — skipping)
  ? Fuzzy candidate: "Eagles Golfing Society of Hawkes Bay Incorporated" ↔ "Eagles Golfing Society of the Bay of Plenty Incorporated" (sim=0.85, no shared URL/email — skipping)
  ? Fuzzy candidate: "Elim Christian Centre Nelson Trust" ↔ "Elim Christian Centre Trust" (sim=0.90, no shared URL/email — skipping)
  ? Fuzzy candidate: "Encounter Foundation" ↔ "Encounter Hope Foundation" (sim=0.87, no shared URL/email — skipping)
  ? Fuzzy candidate: "Environment" ↔ "Environment" (sim=1.00, no shared URL/email — skipping)
  ? Fuzzy candidate: "Estate Kathleen Alice Boyd Nominated Charitable Trust" ↔ "Estate Kathleen Alice Boyd Open Charitable Trust" (sim=0.88, no shared URL/email — skipping)
  ? Fuzzy candidate: "Evangelical Formosan Church Of Central Auckland" ↔ "Evangelical Formosan Church of South Auckland" (sim=0.88, no shared URL/email — skipping)
  ? Fuzzy candidate: "Fiordland Conservation Trust" ↔ "Fiordland Recreation & Conservation Trust" (sim=0.89, no shared URL/email — skipping)
  ? Fuzzy candidate: "Free Ride Charitable Trust" ↔ "Freeth Charitable Trust" (sim=0.86, no shared URL/email — skipping)
  ? Fuzzy candidate: "Friends of Seatoun School Incorporated" ↔ "Friends of Seddon School Incorporated" (sim=0.90, no shared URL/email — skipping)
  ? Fuzzy candidate: "Friends of the Hira School" ↔ "Friends of the School" (sim=0.89, no shared URL/email — skipping)
  ? Fuzzy candidate: "Gallagher Family Charitable Trust" ↔ "Gardner Family Charitable Trust" (sim=0.85, no shared URL/email — skipping)
  ? Fuzzy candidate: "GivBack Charitable Trust" ↔ "Give It Back Charitable Trust" (sim=0.90, no shared URL/email — skipping)
  ? Fuzzy candidate: "Glen Massey School Parent and Teacher Association" ↔ "Glenavy School Parent Teacher Association" (sim=0.86, no shared URL/email — skipping)
  ? Fuzzy candidate: "Glenavy School Parent Teacher Association" ↔ "Glenbervie School Parent Teacher Association" (sim=0.87, no shared URL/email — skipping)
  ? Fuzzy candidate: "Glenfield Community Centre Incorporated" ↔ "Glenview Community Centre Incorporated" (sim=0.87, no shared URL/email — skipping)
  ? Fuzzy candidate: "Golden Bay Community Trust" ↔ "Golden Bay Grand Stand Community Trust" (sim=0.86, no shared URL/email — skipping)
  ? Fuzzy candidate: "Halswell Community Patrol Incorporated" ↔ "Halswell Community Project Incorporated" (sim=0.87, no shared URL/email — skipping)
  ? Fuzzy candidate: "Hamilton" ↔ "Hamilton" (sim=1.00, no shared URL/email — skipping)
  ? Fuzzy candidate: "Hamilton Seventh-day Adventist School Parent Teacher Association" ↔ "Hamilton West School Parent Teacher Association" (sim=0.85, no shared URL/email — skipping)
  ? Fuzzy candidate: "Hastings District Council" ↔ "Hastings District Council" (sim=1.00, no shared URL/email — skipping)
  ? Fuzzy candidate: "Hawke's Bay Community Fitness Centre Trust" ↔ "Hawkes Bay Community Law Centre Trust" (sim=0.88, no shared URL/email — skipping)
  ? Fuzzy candidate: "Hawkes Bay Youth Futures Trust" ↔ "Hawkes Bay Youth Trust" (sim=0.89, no shared URL/email — skipping)
  ? Fuzzy candidate: "Health" ↔ "Health" (sim=1.00, no shared URL/email — skipping)
  ? Fuzzy candidate: "Health Research Foundation - Hawke's Bay" ↔ "Health Research Foundation - Hawke's Bay Incorporated" (sim=0.86, no shared URL/email — skipping)
  ? Fuzzy candidate: "Hearing New Zealand Charitable Trust" ↔ "Heart Kids New Zealand Charitable Trust" (sim=0.85, no shared URL/email — skipping)
  ? Fuzzy candidate: "Heartbeats Charitable Trust" ↔ "Hearts4heart Charitable Trust" (sim=0.85, no shared URL/email — skipping)
  ? Fuzzy candidate: "Holzer Family Charitable Trust" ↔ "Home & Family Charitable Trust" (sim=0.86, no shared URL/email — skipping)
  ? Fuzzy candidate: "Hope Centre Nelson Trust Board" ↔ "Hope Centre Trust Board" (sim=0.85, no shared URL/email — skipping)
  ? Fuzzy candidate: "Horizon Energy Group Limited" ↔ "Horizon Energy Limited" (sim=0.88, no shared URL/email — skipping)
  ? Fuzzy candidate: "Horizon School Parent Teacher Association" ↔ "Hororata Primary School Parent Teacher Association" (sim=0.85, no shared URL/email — skipping)
  ? Fuzzy candidate: "Hutt Valley Hearing Trust" ↔ "Hutt Valley Heart Trust" (sim=0.89, no shared URL/email — skipping)
  ? Fuzzy candidate: "Immaculate Conception Ellerslie Ecclesiastical Goods Trust" ↔ "Immaculate Conception of Mosgiel Ecclesiastical Goods Trust" (sim=0.88, no shared URL/email — skipping)
  ? Fuzzy candidate: "J & T Charitable Trust" ↔ "J M Charitable Trust" (sim=0.89, no shared URL/email — skipping)
  ? Fuzzy candidate: "Jack Checkley Charitable Trust" ↔ "Jack Guy Charitable Trust" (sim=0.86, no shared URL/email — skipping)
  ? Fuzzy candidate: "John Lemon Charitable Trust" ↔ "Johnson Charitable Trust" (sim=0.89, no shared URL/email — skipping)
  ? Fuzzy candidate: "Johnson Charitable Trust" ↔ "Johnsonville Charitable Trust" (sim=0.90, no shared URL/email — skipping)
  ? Fuzzy candidate: "Jubilee Charitable Trust" ↔ "Jubilee Christian Charitable Trust" (sim=0.88, no shared URL/email — skipping)
  ? Fuzzy candidate: "Kaitiaki Ora Charitable Trust" ↔ "Kaitiakitanga Charitable Trust" (sim=0.87, no shared URL/email — skipping)
  ? Fuzzy candidate: "Karearea Mission Trust" ↔ "Karuwha Mission Trust" (sim=0.86, no shared URL/email — skipping)
  ? Fuzzy candidate: "Kenakena School Parent Teacher Association" ↔ "Kerikeri High School Parent Teacher Association" (sim=0.86, no shared URL/email — skipping)
  ? Fuzzy candidate: "Kenakena School Parent Teacher Association" ↔ "Kerikeri Primary School Parent Teacher Association" (sim=0.86, no shared URL/email — skipping)
  ? Fuzzy candidate: "Kerikeri High School Parent Teacher Association" ↔ "Kerikeri Primary School Parent Teacher Association" (sim=0.88, no shared URL/email — skipping)
  ? Fuzzy candidate: "Kimihia Number 2 Limited" ↔ "Kimihia Number 3 Limited" (sim=0.90, no shared URL/email — skipping)
  ? Fuzzy candidate: "Kiwanis Club Of Drury Charitable Trust" ↔ "Kiwanis Club Of Matamata Charitable Trust" (sim=0.86, no shared URL/email — skipping)
  ? Fuzzy candidate: "Kiwanis Club Of Drury Charitable Trust" ↔ "Kiwanis Club Of Taupo Charitable Trust" (sim=0.87, no shared URL/email — skipping)
  ? Fuzzy candidate: "Kiwanis Club Of Matamata Charitable Trust" ↔ "Kiwanis Club Of Taupo Charitable Trust" (sim=0.87, no shared URL/email — skipping)
  ? Fuzzy candidate: "Kiwi Coffin Club Charitable Trust" ↔ "Kiwi Coffin Club Christchurch Charitable Trust" (sim=0.90, no shared URL/email — skipping)
  ? Fuzzy candidate: "Koputaroa School Parent Teacher Association" ↔ "Koromatua School Parent Teacher Association" (sim=0.88, no shared URL/email — skipping)
  ? Fuzzy candidate: "Lake Taupo Charitable Trust" ↔ "Lake Taupo Rotary Charitable Trust" (sim=0.90, no shared URL/email — skipping)
  ? Fuzzy candidate: "LB and T Baldwin Charitable Trust" ↔ "LB and T Baldwin Charitable Trust No.2" (sim=0.95, no shared URL/email — skipping)
  ? Fuzzy candidate: "Leamington School Parent Teacher Association" ↔ "Leigh School Parent Teacher Association" (sim=0.86, no shared URL/email — skipping)
  ? Fuzzy candidate: "Levin Track Charitable Trust" ↔ "Levin Track Operating Charitable Trust" (sim=0.86, no shared URL/email — skipping)
  ? Fuzzy candidate: "LIFE HEALING CHURCH (NEW ZEALAND) - MANUKAU BRANCH" ↔ "LIFE HEALING CHURCH (NEW ZEALAND) - MANUREWA BRANCH" (sim=0.91, no shared URL/email — skipping)
  ? Fuzzy candidate: "Lions Club of Cheviot Charitable Trust" ↔ "Lions Club Of Devonport Charitable Trust" (sim=0.86, no shared URL/email — skipping)
  ? Fuzzy candidate: "Lions Club Of Christchurch Host Charitable Trust" ↔ "Lions Club of Christchurch Seaview Charitable Trust" (sim=0.85, no shared URL/email — skipping)
  ? Fuzzy candidate: "Lions Club of Dunedin Host Charitable Trust" ↔ "Lions Club Of Dunedin South Charitable Trust" (sim=0.88, no shared URL/email — skipping)
  ? Fuzzy candidate: "Lions Club of Dunedin Host Charitable Trust" ↔ "Lions Club of Hastings (Host) Charitable Trust" (sim=0.86, no shared URL/email — skipping)
  ? Fuzzy candidate: "Lions Club of Ellesmere Charitable Trust" ↔ "Lions Club of Eltham Charitable Trust" (sim=0.86, no shared URL/email — skipping)
  ? Fuzzy candidate: "Lions Club of Feilding (Host) Charitable Trust" ↔ "Lions Club of Hastings (Host) Charitable Trust" (sim=0.87, no shared URL/email — skipping)
  ? Fuzzy candidate: "Lions Club of Havelock Charitable Trust " ↔ "Lions Club Of Howick Charitable Trust" (sim=0.87, no shared URL/email — skipping)
  ? Fuzzy candidate: "Lions Club of Helensville Charitable Trust" ↔ "Lions Club of Hunterville Charitable Trust" (sim=0.86, no shared URL/email — skipping)
  ? Fuzzy candidate: "Lions Club of Kaikoura Charitable Trust" ↔ "Lions Club of Kaponga Charitable Trust" (sim=0.86, no shared URL/email — skipping)
  ? Fuzzy candidate: "Lions Club of Kaponga Charitable Trust" ↔ "Lions Club of Mana Charitable Trust" (sim=0.85, no shared URL/email — skipping)
  ? Fuzzy candidate: "Lions Club of Kaponga Charitable Trust" ↔ "Lions Club Of Mangakahia Charitable Trust" (sim=0.86, no shared URL/email — skipping)
  ? Fuzzy candidate: "Lions Club of Kaponga Charitable Trust" ↔ "Lions Club of Ngatea Charitable Trust" (sim=0.89, no shared URL/email — skipping)
  ? Fuzzy candidate: "Lions Club of Makarewa Charitable Trust" ↔ "Lions Club of Mana Charitable Trust" (sim=0.90, no shared URL/email — skipping)
  ? Fuzzy candidate: "Lions Club of Makarewa Charitable Trust" ↔ "Lions Club Of Mangakahia Charitable Trust" (sim=0.88, no shared URL/email — skipping)
  ? Fuzzy candidate: "Lions Club of Makarewa Charitable Trust" ↔ "Lions Club of Marton Charitable Trust" (sim=0.87, no shared URL/email — skipping)
  ? Fuzzy candidate: "Lions Club of Makarewa Charitable Trust" ↔ "Lions Club of Motueka Charitable Trust" (sim=0.86, no shared URL/email — skipping)
  ? Fuzzy candidate: "Lions Club Of Malvern Charitable Trust" ↔ "Lions Club of Mana Charitable Trust" (sim=0.87, no shared URL/email — skipping)
  ? Fuzzy candidate: "Lions Club Of Malvern Charitable Trust" ↔ "Lions Club of Marton Charitable Trust" (sim=0.90, no shared URL/email — skipping)
  ? Fuzzy candidate: "Lions Club of Mana Charitable Trust" ↔ "Lions Club Of Mangakahia Charitable Trust" (sim=0.89, no shared URL/email — skipping)
  ? Fuzzy candidate: "Lions Club of Mana Charitable Trust" ↔ "Lions Club of Marton Charitable Trust" (sim=0.91, no shared URL/email — skipping)
  ? Fuzzy candidate: "Lions Club of Mana Charitable Trust" ↔ "Lions Club of Motueka Charitable Trust" (sim=0.87, no shared URL/email — skipping)
  ? Fuzzy candidate: "Lions Club of Mana Charitable Trust" ↔ "Lions Club of Ngatea Charitable Trust" (sim=0.85, no shared URL/email — skipping)
  ? Fuzzy candidate: "Lions Club of Mana Charitable Trust" ↔ "Lions Club of Orewa Charitable Trust" (sim=0.88, no shared URL/email — skipping)
  ? Fuzzy candidate: "Lions Club of Marton Charitable Trust" ↔ "Lions Club of Okato Charitable Trust" (sim=0.88, no shared URL/email — skipping)
  ? Fuzzy candidate: "Lions Club of Nelson Lioness Charitable Trust" ↔ "Lions Club of New Lynn Charitable Trust" (sim=0.86, no shared URL/email — skipping)
  ? Fuzzy candidate: "Lions Club of Ngatea Charitable Trust" ↔ "Lions Club of Okato Charitable Trust" (sim=0.85, no shared URL/email — skipping)
  ? Fuzzy candidate: "Lions Club of Ngatea Charitable Trust" ↔ "Lions Club of Orewa Charitable Trust" (sim=0.85, no shared URL/email — skipping)
  ? Fuzzy candidate: "Lions Club of Ngatea Charitable Trust" ↔ "Lions Club of Otorohanga Charitable Trust" (sim=0.86, no shared URL/email — skipping)
  ? Fuzzy candidate: "Lions Club of Okato Charitable Trust" ↔ "Lions Club of Papatoetoe Charitable Trust" (sim=0.88, no shared URL/email — skipping)
  ? Fuzzy candidate: "Lions Club of Okato Charitable Trust" ↔ "Lions Club Of Riverton Charitable Trust" (sim=0.85, no shared URL/email — skipping)
  ? Fuzzy candidate: "Lions Club of Orewa Charitable Trust" ↔ "Lions Club of Otorohanga Charitable Trust" (sim=0.86, no shared URL/email — skipping)
  ? Fuzzy candidate: "Lions Club of Orewa Charitable Trust" ↔ "Lions Club of Papamoa Charitable Trust" (sim=0.85, no shared URL/email — skipping)
  ? Fuzzy candidate: "Lions Club of Orewa Charitable Trust" ↔ "Lions Club of Paparoa Charitable Trust" (sim=0.87, no shared URL/email — skipping)
  ? Fuzzy candidate: "Lions Club of Otorohanga Charitable Trust" ↔ "Lions Club of Rotorua East Charitable Trust" (sim=0.87, no shared URL/email — skipping)
  ? Fuzzy candidate: "Lions Club of Pahiatua Charitable Trust" ↔ "Lions Club of Papamoa Charitable Trust" (sim=0.86, no shared URL/email — skipping)
  ? Fuzzy candidate: "Lions Club of Pahiatua Charitable Trust" ↔ "Lions Club of Paparoa Charitable Trust" (sim=0.87, no shared URL/email — skipping)
  ? Fuzzy candidate: "Lions Club of Pahiatua Charitable Trust" ↔ "Lions Club of Papatoetoe Charitable Trust" (sim=0.86, no shared URL/email — skipping)
  ? Fuzzy candidate: "Lions Club of Papamoa Charitable Trust" ↔ "Lions Club of Paparoa Charitable Trust" (sim=0.96, no shared URL/email — skipping)
  ? Fuzzy candidate: "Lions Club of Papamoa Charitable Trust" ↔ "Lions Club of Papatoetoe Charitable Trust" (sim=0.89, no shared URL/email — skipping)
  ? Fuzzy candidate: "Lions Club of Papamoa Charitable Trust" ↔ "Lions Club Of Takapau Charitable Trust" (sim=0.87, no shared URL/email — skipping)
  ? Fuzzy candidate: "Lions Club of Paparoa Charitable Trust" ↔ "Lions Club of Papatoetoe Charitable Trust" (sim=0.90, no shared URL/email — skipping)
  ? Fuzzy candidate: "Lions Club of Paparoa Charitable Trust" ↔ "Lions Club Of Takapau Charitable Trust" (sim=0.88, no shared URL/email — skipping)
  ? Fuzzy candidate: "Lions Club of Papatoetoe Charitable Trust" ↔ "Lions Club Of Takapau Charitable Trust" (sim=0.87, no shared URL/email — skipping)
  ? Fuzzy candidate: "Lions Club Of Richmond Charitable Trust" ↔ "Lions Club of Tawa Charitable Trust" (sim=0.86, no shared URL/email — skipping)
  ? Fuzzy candidate: "Lions Club Of Riverton Charitable Trust" ↔ "Lions Club of Taieri Charitable Trust" (sim=0.87, no shared URL/email — skipping)
  ? Fuzzy candidate: "Lions Club Of Seddon Charitable Trust" ↔ "Lions Club of Tawa Charitable Trust" (sim=0.86, no shared URL/email — skipping)
  ? Fuzzy candidate: "Lions Club of Stratford Charitable  Trust" ↔ "Lions Club of Wellsford Charitable Trust" (sim=0.85, no shared URL/email — skipping)
  ? Fuzzy candidate: "Lions Club of Taieri Charitable Trust" ↔ "Lions Club of Tawa Charitable Trust" (sim=0.89, no shared URL/email — skipping)
  ? Fuzzy candidate: "Lions Club of Taieri Charitable Trust" ↔ "Lions Club Of Te Aroha Charitable Trust" (sim=0.86, no shared URL/email — skipping)
  ? Fuzzy candidate: "Lions Club of Taieri Charitable Trust" ↔ "Lions Club Of Waimate Charitable Trust" (sim=0.87, no shared URL/email — skipping)
  ? Fuzzy candidate: "Lions Club Of Takapau Charitable Trust" ↔ "Lions Club of Tawa Charitable Trust" (sim=0.86, no shared URL/email — skipping)
  ? Fuzzy candidate: "Lions Club Of Taneatua Charitable Trust" ↔ "Lions Club of Tawa Charitable Trust" (sim=0.88, no shared URL/email — skipping)
  ? Fuzzy candidate: "Lions Club Of Taneatua Charitable Trust" ↔ "Lions Club Of Te Aroha Charitable Trust" (sim=0.85, no shared URL/email — skipping)
  ? Fuzzy candidate: "Lions Club Of Taneatua Charitable Trust" ↔ "Lions Club of Whangamata Charitable Trust" (sim=0.86, no shared URL/email — skipping)
  ? Fuzzy candidate: "Lions Club of Tararua District Charitable Trust" ↔ "Lions Club of Tawa Charitable Trust" (sim=0.85, no shared URL/email — skipping)
  ? Fuzzy candidate: "Lions Club of Tawa Charitable Trust" ↔ "Lions Club Of Te Aroha Charitable Trust" (sim=0.91, no shared URL/email — skipping)
  ? Fuzzy candidate: "Lions Club of Tawa Charitable Trust" ↔ "Lions Club of Te Awamutu Charitable Trust" (sim=0.88, no shared URL/email — skipping)
  ? Fuzzy candidate: "Lions Club of Tawa Charitable Trust" ↔ "Lions Club Of Waimate Charitable Trust" (sim=0.88, no shared URL/email — skipping)
  ? Fuzzy candidate: "Lions Club of Tawa Charitable Trust" ↔ "Lions Club of Wainuiomata Charitable Trust" (sim=0.87, no shared URL/email — skipping)
  ? Fuzzy candidate: "Lions Club of Tawa Charitable Trust" ↔ "Lions Club of Whangamata Charitable Trust" (sim=0.85, no shared URL/email — skipping)
  ? Fuzzy candidate: "Lions Club of Tawa Charitable Trust" ↔ "Lions Club Of Whitianga Charitable Trust" (sim=0.85, no shared URL/email — skipping)
  ? Fuzzy candidate: "Lions Club Of Te Aroha Charitable Trust" ↔ "Lions Club of Te Awamutu Charitable Trust" (sim=0.86, no shared URL/email — skipping)
  ? Fuzzy candidate: "Lions Club Of Te Aroha Charitable Trust" ↔ "Lions Club Of Waimate Charitable Trust" (sim=0.85, no shared URL/email — skipping)
  ? Fuzzy candidate: "Lions Club Of Te Kauwhata And Districts Charitable Trust" ↔ "Lions Club of Wanaka and Districts Charitable Trust" (sim=0.89, no shared URL/email — skipping)
  ? Fuzzy candidate: "Lions Club Of Waimate Charitable Trust" ↔ "Lions Club of Wainuiomata Charitable Trust" (sim=0.90, no shared URL/email — skipping)
  ? Fuzzy candidate: "Lions Club Of Waimate Charitable Trust" ↔ "Lions Club of Whangamata Charitable Trust" (sim=0.86, no shared URL/email — skipping)
  ? Fuzzy candidate: "Lions Club of Wainuiomata Charitable Trust" ↔ "Lions Club of Whangamata Charitable Trust" (sim=0.85, no shared URL/email — skipping)
  ? Fuzzy candidate: "Lions Club of Whangamata Charitable Trust" ↔ "Lions Club Of Whitianga Charitable Trust" (sim=0.92, no shared URL/email — skipping)
  ? Fuzzy candidate: "Live For More Charitable Trust" ↔ "Live For Tomorrow Charitable Trust" (sim=0.86, no shared URL/email — skipping)
  ? Fuzzy candidate: "Living Faith Church Of The Nazarene" ↔ "Living Hope Church of the Nazarene" (sim=0.87, no shared URL/email — skipping)
  ? Fuzzy candidate: "Love Queenstown" ↔ "Love Queenstown" (sim=1.00, no shared URL/email — skipping)
  ? Fuzzy candidate: "Mana Ahuriri Charitable Trust" ↔ "Mana Tahuna Charitable Trust" (sim=0.90, no shared URL/email — skipping)
  ? Fuzzy candidate: "Manaaki Te Awanui Charitable Trust" ↔ "Mananui Arataki Charitable Trust" (sim=0.89, no shared URL/email — skipping)
  ? Fuzzy candidate: "Maranatha Charitable Trust" ↔ "Mararoa Charitable Trust" (sim=0.86, no shared URL/email — skipping)
  ? Fuzzy candidate: "Marlborough Youth Trust" ↔ "Martinborough Youth Trust" (sim=0.86, no shared URL/email — skipping)
  ? Fuzzy candidate: "MAS Foundation" ↔ "MAS Foundation" (sim=1.00, no shared URL/email — skipping)
  ? Fuzzy candidate: "Matakana Community Group Incorporated" ↔ "Matakohe Community Group Incorporated" (sim=0.88, no shared URL/email — skipping)
  ? Fuzzy candidate: "Matakana School Parent Teacher Association" ↔ "Matamata Primary School Parent And Teacher Association" (sim=0.87, no shared URL/email — skipping)
  ? Fuzzy candidate: "Matamata Primary School Parent And Teacher Association" ↔ "Mataura School Parent Teacher Association" (sim=0.85, no shared URL/email — skipping)
  ? Fuzzy candidate: "Maurice and Phyllis Paykel Trust" ↔ "Maurice and Phyllis Paykel Trust" (sim=1.00, no shared URL/email — skipping)
  ? Fuzzy candidate: "McGeez Charitable Trust" ↔ "McKee Charitable Trust" (sim=0.86, no shared URL/email — skipping)
  ? Fuzzy candidate: "Methodist Church Samoa (New Zealand) Mangere Parish" ↔ "Methodist Church Samoa New Zealand Middlemore Parish" (sim=0.88, no shared URL/email — skipping)
  ? Fuzzy candidate: "MG Charitable Trust" ↔ "MG Martin Charitable Trust" (sim=0.86, no shared URL/email — skipping)
  ? Fuzzy candidate: "Mission New Zealand Charitable Trust" ↔ "Mission to Seafarers (New Zealand) Charitable Trust" (sim=0.88, no shared URL/email — skipping)
  ? Fuzzy candidate: "Molly Casey Charitable Trust no1" ↔ "Molly Casey Charitable Trust no2" (sim=0.97, no shared URL/email — skipping)
  ? Fuzzy candidate: "Momenta Charitable Trust" ↔ "Momentum Charitable Trust" (sim=0.91, no shared URL/email — skipping)
  ? Fuzzy candidate: "Motu Community Trust" ↔ "Motueka Community Trust" (sim=0.88, no shared URL/email — skipping)
  ? Fuzzy candidate: "NBC Community Trust" ↔ "NCBC COMMUNITY TRUST" (sim=0.92, no shared URL/email — skipping)
  ? Fuzzy candidate: "Nelson" ↔ "Nelson" (sim=1.00, no shared URL/email — skipping)
  ? Fuzzy candidate: "Nelson Baptist Church" ↔ "Nelson Bible Baptist Church" (sim=0.88, no shared URL/email — skipping)
  ? Fuzzy candidate: "Nelson College for Girls Old Girls Association Incorporated" ↔ "Nelson College Old Boys' Association (Incorporated)" (sim=0.87, no shared URL/email — skipping)
  ? Fuzzy candidate: "Network Tasman Trust" ↔ "Network Tasman Trust Grants" (sim=0.86, no shared URL/email — skipping)
  ? Fuzzy candidate: "New Plymouth Central Lions Club Charitable Trust" ↔ "New Plymouth Pakeke Lions Club Charitable Trust" (sim=0.88, no shared URL/email — skipping)
  ? Fuzzy candidate: "New Zealand Aria Trust" ↔ "New Zealand Asia Trust" (sim=0.90, no shared URL/email — skipping)
  ? Fuzzy candidate: "New Zealand Chinese Association Canterbury Branch Incorporated" ↔ "New Zealand Chinese Association Incorporated" (sim=0.88, no shared URL/email — skipping)
  ? Fuzzy candidate: "New Zealand Chinese Association Incorporated" ↔ "New Zealand Chinese Church Music Association Incorporated" (sim=0.89, no shared URL/email — skipping)
  ? Fuzzy candidate: "New Zealand Chinese Association Incorporated" ↔ "New Zealand Chinese History & Culture Association Incorporated" (sim=0.86, no shared URL/email — skipping)
  ? Fuzzy candidate: "New Zealand Community Orchestras Trust" ↔ "New Zealand Community Trust" (sim=0.85, no shared URL/email — skipping)
  ? Fuzzy candidate: "New Zealand Deerstalkers Association (Auckland Branch) Incorporated " ↔ "New Zealand Deerstalkers Association (Nelson Branch) Incorporated" (sim=0.93, no shared URL/email — skipping)
  ? Fuzzy candidate: "New Zealand Deerstalkers Association (Auckland Branch) Incorporated " ↔ "New Zealand Deerstalkers Association (North Auckland Branch) Incorporated" (sim=0.96, no shared URL/email — skipping)
  ? Fuzzy candidate: "New Zealand Deerstalkers Association (Auckland Branch) Incorporated " ↔ "New Zealand Deerstalkers Association (Rotorua Branch) Incorporated" (sim=0.90, no shared URL/email — skipping)
  ? Fuzzy candidate: "New Zealand Deerstalkers Association (Auckland Branch) Incorporated " ↔ "New Zealand Deerstalkers' Association (Thames Valley Branch) Incorporated" (sim=0.85, no shared URL/email — skipping)
  ? Fuzzy candidate: "New Zealand Deerstalkers Association (Nelson Branch) Incorporated" ↔ "New Zealand Deerstalkers Association (North Auckland Branch) Incorporated" (sim=0.91, no shared URL/email — skipping)
  ? Fuzzy candidate: "New Zealand Deerstalkers Association (Nelson Branch) Incorporated" ↔ "New Zealand Deerstalkers Association (Rotorua Branch) Incorporated" (sim=0.90, no shared URL/email — skipping)
  ? Fuzzy candidate: "New Zealand Deerstalkers Association (Nelson Branch) Incorporated" ↔ "New Zealand Deerstalkers' Association (Thames Valley Branch) Incorporated" (sim=0.86, no shared URL/email — skipping)
  ? Fuzzy candidate: "New Zealand Deerstalkers Association (North Auckland Branch) Incorporated" ↔ "New Zealand Deerstalkers Association (Rotorua Branch) Incorporated" (sim=0.86, no shared URL/email — skipping)
  ? Fuzzy candidate: "New Zealand Jazz Foundation" ↔ "New Zealand Law Foundation" (sim=0.85, no shared URL/email — skipping)
  ? Fuzzy candidate: "New Zealand Seniors" ↔ "New Zealand Seniors" (sim=1.00, no shared URL/email — skipping)
  ? Fuzzy candidate: "New Zealand Stroke Education Trust" ↔ "New Zealand UP Education Trust" (sim=0.87, no shared URL/email — skipping)
  ? Fuzzy candidate: "Ngahinapouri School Parent Teacher Association" ↔ "Ngaio School Parent Teacher Association" (sim=0.85, no shared URL/email — skipping)
  ? Fuzzy candidate: "Ngahuru Charitable Trust" ↔ "Ngai Tahu Charitable Trust" (sim=0.93, no shared URL/email — skipping)
  ? Fuzzy candidate: "Norman And June Reynolds Charitable Trust" ↔ "Norman and June Reynolds General  Charitable Trust" (sim=0.90, no shared URL/email — skipping)
  ? Fuzzy candidate: "Northland Community Foundation" ↔ "Northland Community Foundation" (sim=1.00, no shared URL/email — skipping)
  ? Fuzzy candidate: "Northland Disabled Charitable Trust" ↔ "Northland TV Charitable Trust" (sim=0.88, no shared URL/email — skipping)
  ? Fuzzy candidate: "Northland Regional Council" ↔ "Northland Regional Council" (sim=1.00, no shared URL/email — skipping)
  ? Fuzzy candidate: "Ohaupo School Parent Teacher Association" ↔ "Ohoka School PTA (Parent Teacher Association)" (sim=0.87, no shared URL/email — skipping)
  ? Fuzzy candidate: "Onemana Residents & Community Association Incorporated" ↔ "Onslow Residents' Community Association Incorporated" (sim=0.87, no shared URL/email — skipping)
  ? Fuzzy candidate: "Onepu Charitable Trust" ↔ "Online Charitable Trust" (sim=0.86, no shared URL/email — skipping)
  ? Fuzzy candidate: "Opaheke School Parent Teacher Association" ↔ "Opoho School Parent Teacher Association" (sim=0.90, no shared URL/email — skipping)
  ? Fuzzy candidate: "Opawa School Home And School Association " ↔ "Opiki Home And School Association" (sim=0.87, no shared URL/email — skipping)
  ? Fuzzy candidate: "Otago Medical Research Foundation" ↔ "Otago Medical Research Foundation Incorporated" (sim=0.86, no shared URL/email — skipping)
  ? Fuzzy candidate: "Otago Regional Council" ↔ "Otago Regional Council" (sim=1.00, no shared URL/email — skipping)
  ? Fuzzy candidate: "Pacific Development And Conservation Trust" ↔ "Pacific Development and Conservation Trust" (sim=1.00, no shared URL/email — skipping)
  ? Fuzzy candidate: "Paterson Charitable Trust" ↔ "Paterson's Cottage Charitable Trust" (sim=0.85, no shared URL/email — skipping)
  ? Fuzzy candidate: "Perpetual Guardian" ↔ "Perpetual Guardian" (sim=1.00, no shared URL/email — skipping)
  ? Fuzzy candidate: "Perpetual Guardian" ↔ "Perpetual Guardian" (sim=1.00, no shared URL/email — skipping)
  ? Fuzzy candidate: "Perpetual Guardian" ↔ "Perpetual Guardian" (sim=1.00, no shared URL/email — skipping)
  ? Fuzzy candidate: "Pivot Charitable Trust" ↔ "Pivotal Point Charitable Trust" (sim=0.86, no shared URL/email — skipping)
  ? Fuzzy candidate: "Princess Alexandra Medical Trust" ↔ "Princess Alexandra Medical Trust" (sim=1.00, no shared URL/email — skipping)
  ? Fuzzy candidate: "Public Trust" ↔ "Public Trust" (sim=1.00, no shared URL/email — skipping)
  ? Fuzzy candidate: "Public Trust" ↔ "Publictrust" (sim=0.86, no shared URL/email — skipping)
  ? Fuzzy candidate: "Public Trust" ↔ "Publictrust" (sim=0.86, no shared URL/email — skipping)
  ? Fuzzy candidate: "Public Trust" ↔ "Publictrust" (sim=0.86, no shared URL/email — skipping)
  ? Fuzzy candidate: "Public Trust" ↔ "Publictrust" (sim=0.86, no shared URL/email — skipping)
  ? Fuzzy candidate: "Public Trust" ↔ "Publictrust" (sim=0.86, no shared URL/email — skipping)
  ? Fuzzy candidate: "Public Trust" ↔ "Publictrust" (sim=0.86, no shared URL/email — skipping)
  ? Fuzzy candidate: "Public Trust" ↔ "Publictrust" (sim=0.86, no shared URL/email — skipping)
  ? Fuzzy candidate: "Public Trust" ↔ "Publictrust" (sim=0.86, no shared URL/email — skipping)
  ? Fuzzy candidate: "Public Trust" ↔ "Publictrust" (sim=0.86, no shared URL/email — skipping)
  ? Fuzzy candidate: "Public Trust" ↔ "Publictrust" (sim=0.86, no shared URL/email — skipping)
  ? Fuzzy candidate: "Public Trust" ↔ "Publictrust" (sim=0.86, no shared URL/email — skipping)
  ? Fuzzy candidate: "Public Trust" ↔ "Publictrust" (sim=0.86, no shared URL/email — skipping)
  ? Fuzzy candidate: "Public Trust" ↔ "Publictrust" (sim=0.86, no shared URL/email — skipping)
  ? Fuzzy candidate: "Public Trust" ↔ "Publictrust" (sim=0.86, no shared URL/email — skipping)
  ? Fuzzy candidate: "Public Trust" ↔ "Publictrust" (sim=0.86, no shared URL/email — skipping)
  ? Fuzzy candidate: "Public Trust" ↔ "Publictrust" (sim=0.86, no shared URL/email — skipping)
  ? Fuzzy candidate: "Public Trust" ↔ "Publictrust" (sim=0.86, no shared URL/email — skipping)
  ? Fuzzy candidate: "Public Trust" ↔ "Publictrust" (sim=0.86, no shared URL/email — skipping)
  ? Fuzzy candidate: "Publictrust" ↔ "Publictrust" (sim=1.00, no shared URL/email — skipping)
  ? Fuzzy candidate: "Publictrust" ↔ "Publictrust" (sim=1.00, no shared URL/email — skipping)
  ? Fuzzy candidate: "Publictrust" ↔ "Publictrust" (sim=1.00, no shared URL/email — skipping)
  ? Fuzzy candidate: "Publictrust" ↔ "Publictrust" (sim=1.00, no shared URL/email — skipping)
  ? Fuzzy candidate: "Publictrust" ↔ "Publictrust" (sim=1.00, no shared URL/email — skipping)
  ? Fuzzy candidate: "Publictrust" ↔ "Publictrust" (sim=1.00, no shared URL/email — skipping)
  ? Fuzzy candidate: "Publictrust" ↔ "Publictrust" (sim=1.00, no shared URL/email — skipping)
  ? Fuzzy candidate: "Publictrust" ↔ "Publictrust" (sim=1.00, no shared URL/email — skipping)
  ? Fuzzy candidate: "Publictrust" ↔ "Publictrust" (sim=1.00, no shared URL/email — skipping)
  ? Fuzzy candidate: "Publictrust" ↔ "Publictrust" (sim=1.00, no shared URL/email — skipping)
  ? Fuzzy candidate: "Publictrust" ↔ "Publictrust" (sim=1.00, no shared URL/email — skipping)
  ? Fuzzy candidate: "Publictrust" ↔ "Publictrust" (sim=1.00, no shared URL/email — skipping)
  ? Fuzzy candidate: "Publictrust" ↔ "Publictrust" (sim=1.00, no shared URL/email — skipping)
  ? Fuzzy candidate: "Publictrust" ↔ "Publictrust" (sim=1.00, no shared URL/email — skipping)
  ? Fuzzy candidate: "Publictrust" ↔ "Publictrust" (sim=1.00, no shared URL/email — skipping)
  ? Fuzzy candidate: "Publictrust" ↔ "Publictrust" (sim=1.00, no shared URL/email — skipping)
  ? Fuzzy candidate: "Publictrust" ↔ "Publictrust" (sim=1.00, no shared URL/email — skipping)
  ? Fuzzy candidate: "Publictrust" ↔ "Publictrust" (sim=1.00, no shared URL/email — skipping)
  ? Fuzzy candidate: "Publictrust" ↔ "Publictrust" (sim=1.00, no shared URL/email — skipping)
  ? Fuzzy candidate: "Publictrust" ↔ "Publictrust" (sim=1.00, no shared URL/email — skipping)
  ? Fuzzy candidate: "Publictrust" ↔ "Publictrust" (sim=1.00, no shared URL/email — skipping)
  ? Fuzzy candidate: "Publictrust" ↔ "Publictrust" (sim=1.00, no shared URL/email — skipping)
  ? Fuzzy candidate: "Publictrust" ↔ "Publictrust" (sim=1.00, no shared URL/email — skipping)
  ? Fuzzy candidate: "Publictrust" ↔ "Publictrust" (sim=1.00, no shared URL/email — skipping)
  ? Fuzzy candidate: "Publictrust" ↔ "Publictrust" (sim=1.00, no shared URL/email — skipping)
  ? Fuzzy candidate: "Publictrust" ↔ "Publictrust" (sim=1.00, no shared URL/email — skipping)
  ? Fuzzy candidate: "Publictrust" ↔ "Publictrust" (sim=1.00, no shared URL/email — skipping)
  ? Fuzzy candidate: "Publictrust" ↔ "Publictrust" (sim=1.00, no shared URL/email — skipping)
  ? Fuzzy candidate: "Publictrust" ↔ "Publictrust" (sim=1.00, no shared URL/email — skipping)
  ? Fuzzy candidate: "Publictrust" ↔ "Publictrust" (sim=1.00, no shared URL/email — skipping)
  ? Fuzzy candidate: "Publictrust" ↔ "Publictrust" (sim=1.00, no shared URL/email — skipping)
  ? Fuzzy candidate: "Publictrust" ↔ "Publictrust" (sim=1.00, no shared URL/email — skipping)
  ? Fuzzy candidate: "Publictrust" ↔ "Publictrust" (sim=1.00, no shared URL/email — skipping)
  ? Fuzzy candidate: "Publictrust" ↔ "Publictrust" (sim=1.00, no shared URL/email — skipping)
  ? Fuzzy candidate: "Publictrust" ↔ "Publictrust" (sim=1.00, no shared URL/email — skipping)
  ? Fuzzy candidate: "Publictrust" ↔ "Publictrust" (sim=1.00, no shared URL/email — skipping)
  ? Fuzzy candidate: "Pukekohe High School Parent Teacher Association" ↔ "Pukekohe Hill School Parent Teacher Association" (sim=0.94, no shared URL/email — skipping)
  ? Fuzzy candidate: "Raukawa Charitable Trust" ↔ "Raukawa Housing Charitable Trust" (sim=0.87, no shared URL/email — skipping)
  ? Fuzzy candidate: "Ray Chun Charitable Trust" ↔ "Ray Hanlon Charitable Trust" (sim=0.85, no shared URL/email — skipping)
  ? Fuzzy candidate: "RESPONSE Charitable Trust" ↔ "Resport Charitable Trust" (sim=0.87, no shared URL/email — skipping)
  ? Fuzzy candidate: "Resport Charitable Trust" ↔ "Restore Charitable Trust" (sim=0.88, no shared URL/email — skipping)
  ? Fuzzy candidate: "RNZE Charitable Trust" ↔ "RNZPBA Charitable Trust" (sim=0.88, no shared URL/email — skipping)
  ? Fuzzy candidate: "Roman Catholic Diocese of Auckland Brazilian Migrant Chaplaincy Ecclesiastical Goods Trust" ↔ "Roman Catholic Diocese of Auckland Chinese Migrant Chaplaincy Ecclesiastical Goods Trust" (sim=0.95, no shared URL/email — skipping)
  ? Fuzzy candidate: "Roman Catholic Diocese of Auckland Brazilian Migrant Chaplaincy Ecclesiastical Goods Trust" ↔ "Roman Catholic Diocese of Auckland Cook Islands Migrant Chaplaincy Ecclesiastical Goods Trust" (sim=0.93, no shared URL/email — skipping)
  ? Fuzzy candidate: "Roman Catholic Diocese of Auckland Brazilian Migrant Chaplaincy Ecclesiastical Goods Trust" ↔ "Roman Catholic Diocese of Auckland Croatian Migrant Chaplaincy Ecclesiastical Goods Trust" (sim=0.95, no shared URL/email — skipping)
  ? Fuzzy candidate: "Roman Catholic Diocese of Auckland Brazilian Migrant Chaplaincy Ecclesiastical Goods Trust" ↔ "Roman Catholic Diocese of Auckland Fiji Migrant Chaplaincy Ecclesiastical Goods Trust" (sim=0.93, no shared URL/email — skipping)
  ? Fuzzy candidate: "Roman Catholic Diocese of Auckland Brazilian Migrant Chaplaincy Ecclesiastical Goods Trust" ↔ "Roman Catholic Diocese of Auckland Filipino Migrant Chaplaincy Ecclesiastical Goods Trust" (sim=0.94, no shared URL/email — skipping)
  ? Fuzzy candidate: "Roman Catholic Diocese of Auckland Brazilian Migrant Chaplaincy Ecclesiastical Goods Trust" ↔ "Roman Catholic Diocese of Auckland Indonesian Migrant Chaplaincy Ecclesiastical Goods Trust" (sim=0.94, no shared URL/email — skipping)
  ? Fuzzy candidate: "Roman Catholic Diocese of Auckland Brazilian Migrant Chaplaincy Ecclesiastical Goods Trust" ↔ "Roman Catholic Diocese of Auckland Kiribati Migrant Chaplaincy Ecclesiastical Goods Trust" (sim=0.92, no shared URL/email — skipping)
  ? Fuzzy candidate: "Roman Catholic Diocese of Auckland Brazilian Migrant Chaplaincy Ecclesiastical Goods Trust" ↔ "Roman Catholic Diocese of Auckland Latin American Migrant Chaplaincy Ecclesiastical Goods Trust" (sim=0.93, no shared URL/email — skipping)
  ? Fuzzy candidate: "Roman Catholic Diocese of Auckland Brazilian Migrant Chaplaincy Ecclesiastical Goods Trust" ↔ "Roman Catholic Diocese of Auckland Latin Mass Chaplaincy Ecclesiastical Goods Trust" (sim=0.91, no shared URL/email — skipping)
  ? Fuzzy candidate: "Roman Catholic Diocese of Auckland Brazilian Migrant Chaplaincy Ecclesiastical Goods Trust" ↔ "Roman Catholic Diocese of Auckland Samoan Migrant Chaplaincy Ecclesiastical Goods Trust" (sim=0.93, no shared URL/email — skipping)
  ? Fuzzy candidate: "Roman Catholic Diocese of Auckland Brazilian Migrant Chaplaincy Ecclesiastical Goods Trust" ↔ "Roman Catholic Diocese of Auckland Sri Lankan Migrant Chaplaincy Ecclesiastical Goods Trust" (sim=0.92, no shared URL/email — skipping)
  ? Fuzzy candidate: "Roman Catholic Diocese of Auckland Brazilian Migrant Chaplaincy Ecclesiastical Goods Trust" ↔ "Roman Catholic Diocese of Auckland Tongan Migrant Chaplaincy Ecclesiastical Goods Trust" (sim=0.94, no shared URL/email — skipping)
  ? Fuzzy candidate: "Roman Catholic Diocese of Auckland Brazilian Migrant Chaplaincy Ecclesiastical Goods Trust" ↔ "Roman Catholic Diocese of Auckland Vietnamese Migrant Chaplaincy Ecclesiastical Goods Trust" (sim=0.92, no shared URL/email — skipping)
  ? Fuzzy candidate: "Roman Catholic Diocese of Auckland Chinese Migrant Chaplaincy Ecclesiastical Goods Trust" ↔ "Roman Catholic Diocese of Auckland Cook Islands Migrant Chaplaincy Ecclesiastical Goods Trust" (sim=0.95, no shared URL/email — skipping)
  ? Fuzzy candidate: "Roman Catholic Diocese of Auckland Chinese Migrant Chaplaincy Ecclesiastical Goods Trust" ↔ "Roman Catholic Diocese of Auckland Croatian Migrant Chaplaincy Ecclesiastical Goods Trust" (sim=0.97, no shared URL/email — skipping)
  ? Fuzzy candidate: "Roman Catholic Diocese of Auckland Chinese Migrant Chaplaincy Ecclesiastical Goods Trust" ↔ "Roman Catholic Diocese of Auckland Fiji Migrant Chaplaincy Ecclesiastical Goods Trust" (sim=0.95, no shared URL/email — skipping)
  ? Fuzzy candidate: "Roman Catholic Diocese of Auckland Chinese Migrant Chaplaincy Ecclesiastical Goods Trust" ↔ "Roman Catholic Diocese of Auckland Filipino Migrant Chaplaincy Ecclesiastical Goods Trust" (sim=0.94, no shared URL/email — skipping)
  ? Fuzzy candidate: "Roman Catholic Diocese of Auckland Chinese Migrant Chaplaincy Ecclesiastical Goods Trust" ↔ "Roman Catholic Diocese of Auckland Indonesian Migrant Chaplaincy Ecclesiastical Goods Trust" (sim=0.97, no shared URL/email — skipping)
  ? Fuzzy candidate: "Roman Catholic Diocese of Auckland Chinese Migrant Chaplaincy Ecclesiastical Goods Trust" ↔ "Roman Catholic Diocese of Auckland Kiribati Migrant Chaplaincy Ecclesiastical Goods Trust" (sim=0.94, no shared URL/email — skipping)
  ? Fuzzy candidate: "Roman Catholic Diocese of Auckland Chinese Migrant Chaplaincy Ecclesiastical Goods Trust" ↔ "Roman Catholic Diocese of Auckland Latin American Migrant Chaplaincy Ecclesiastical Goods Trust" (sim=0.95, no shared URL/email — skipping)
  ? Fuzzy candidate: "Roman Catholic Diocese of Auckland Chinese Migrant Chaplaincy Ecclesiastical Goods Trust" ↔ "Roman Catholic Diocese of Auckland Latin Mass Chaplaincy Ecclesiastical Goods Trust" (sim=0.93, no shared URL/email — skipping)
  ? Fuzzy candidate: "Roman Catholic Diocese of Auckland Chinese Migrant Chaplaincy Ecclesiastical Goods Trust" ↔ "Roman Catholic Diocese of Auckland Samoan Migrant Chaplaincy Ecclesiastical Goods Trust" (sim=0.95, no shared URL/email — skipping)
  ? Fuzzy candidate: "Roman Catholic Diocese of Auckland Chinese Migrant Chaplaincy Ecclesiastical Goods Trust" ↔ "Roman Catholic Diocese of Auckland Sri Lankan Migrant Chaplaincy Ecclesiastical Goods Trust" (sim=0.94, no shared URL/email — skipping)
  ? Fuzzy candidate: "Roman Catholic Diocese of Auckland Chinese Migrant Chaplaincy Ecclesiastical Goods Trust" ↔ "Roman Catholic Diocese of Auckland Tongan Migrant Chaplaincy Ecclesiastical Goods Trust" (sim=0.96, no shared URL/email — skipping)
  ? Fuzzy candidate: "Roman Catholic Diocese of Auckland Chinese Migrant Chaplaincy Ecclesiastical Goods Trust" ↔ "Roman Catholic Diocese of Auckland Vietnamese Migrant Chaplaincy Ecclesiastical Goods Trust" (sim=0.93, no shared URL/email — skipping)
  ? Fuzzy candidate: "Roman Catholic Diocese of Auckland Cook Islands Migrant Chaplaincy Ecclesiastical Goods Trust" ↔ "Roman Catholic Diocese of Auckland Croatian Migrant Chaplaincy Ecclesiastical Goods Trust" (sim=0.95, no shared URL/email — skipping)
  ? Fuzzy candidate: "Roman Catholic Diocese of Auckland Cook Islands Migrant Chaplaincy Ecclesiastical Goods Trust" ↔ "Roman Catholic Diocese of Auckland Fiji Migrant Chaplaincy Ecclesiastical Goods Trust" (sim=0.93, no shared URL/email — skipping)
  ? Fuzzy candidate: "Roman Catholic Diocese of Auckland Cook Islands Migrant Chaplaincy Ecclesiastical Goods Trust" ↔ "Roman Catholic Diocese of Auckland Filipino Migrant Chaplaincy Ecclesiastical Goods Trust" (sim=0.92, no shared URL/email — skipping)
  ? Fuzzy candidate: "Roman Catholic Diocese of Auckland Cook Islands Migrant Chaplaincy Ecclesiastical Goods Trust" ↔ "Roman Catholic Diocese of Auckland Indonesian Migrant Chaplaincy Ecclesiastical Goods Trust" (sim=0.95, no shared URL/email — skipping)
  ? Fuzzy candidate: "Roman Catholic Diocese of Auckland Cook Islands Migrant Chaplaincy Ecclesiastical Goods Trust" ↔ "Roman Catholic Diocese of Auckland Kiribati Migrant Chaplaincy Ecclesiastical Goods Trust" (sim=0.92, no shared URL/email — skipping)
  ? Fuzzy candidate: "Roman Catholic Diocese of Auckland Cook Islands Migrant Chaplaincy Ecclesiastical Goods Trust" ↔ "Roman Catholic Diocese of Auckland Latin American Migrant Chaplaincy Ecclesiastical Goods Trust" (sim=0.93, no shared URL/email — skipping)
  ? Fuzzy candidate: "Roman Catholic Diocese of Auckland Cook Islands Migrant Chaplaincy Ecclesiastical Goods Trust" ↔ "Roman Catholic Diocese of Auckland Latin Mass Chaplaincy Ecclesiastical Goods Trust" (sim=0.90, no shared URL/email — skipping)
  ? Fuzzy candidate: "Roman Catholic Diocese of Auckland Cook Islands Migrant Chaplaincy Ecclesiastical Goods Trust" ↔ "Roman Catholic Diocese of Auckland Samoan Migrant Chaplaincy Ecclesiastical Goods Trust" (sim=0.93, no shared URL/email — skipping)
  ? Fuzzy candidate: "Roman Catholic Diocese of Auckland Cook Islands Migrant Chaplaincy Ecclesiastical Goods Trust" ↔ "Roman Catholic Diocese of Auckland Sri Lankan Migrant Chaplaincy Ecclesiastical Goods Trust" (sim=0.92, no shared URL/email — skipping)
  ? Fuzzy candidate: "Roman Catholic Diocese of Auckland Cook Islands Migrant Chaplaincy Ecclesiastical Goods Trust" ↔ "Roman Catholic Diocese of Auckland Tongan Migrant Chaplaincy Ecclesiastical Goods Trust" (sim=0.93, no shared URL/email — skipping)
  ? Fuzzy candidate: "Roman Catholic Diocese of Auckland Cook Islands Migrant Chaplaincy Ecclesiastical Goods Trust" ↔ "Roman Catholic Diocese of Auckland Vietnamese Migrant Chaplaincy Ecclesiastical Goods Trust" (sim=0.91, no shared URL/email — skipping)
  ? Fuzzy candidate: "Roman Catholic Diocese of Auckland Croatian Migrant Chaplaincy Ecclesiastical Goods Trust" ↔ "Roman Catholic Diocese of Auckland Fiji Migrant Chaplaincy Ecclesiastical Goods Trust" (sim=0.95, no shared URL/email — skipping)
  ? Fuzzy candidate: "Roman Catholic Diocese of Auckland Croatian Migrant Chaplaincy Ecclesiastical Goods Trust" ↔ "Roman Catholic Diocese of Auckland Filipino Migrant Chaplaincy Ecclesiastical Goods Trust" (sim=0.94, no shared URL/email — skipping)
  ? Fuzzy candidate: "Roman Catholic Diocese of Auckland Croatian Migrant Chaplaincy Ecclesiastical Goods Trust" ↔ "Roman Catholic Diocese of Auckland Indonesian Migrant Chaplaincy Ecclesiastical Goods Trust" (sim=0.96, no shared URL/email — skipping)
  ? Fuzzy candidate: "Roman Catholic Diocese of Auckland Croatian Migrant Chaplaincy Ecclesiastical Goods Trust" ↔ "Roman Catholic Diocese of Auckland Kiribati Migrant Chaplaincy Ecclesiastical Goods Trust" (sim=0.94, no shared URL/email — skipping)
  ? Fuzzy candidate: "Roman Catholic Diocese of Auckland Croatian Migrant Chaplaincy Ecclesiastical Goods Trust" ↔ "Roman Catholic Diocese of Auckland Latin American Migrant Chaplaincy Ecclesiastical Goods Trust" (sim=0.95, no shared URL/email — skipping)
  ? Fuzzy candidate: "Roman Catholic Diocese of Auckland Croatian Migrant Chaplaincy Ecclesiastical Goods Trust" ↔ "Roman Catholic Diocese of Auckland Latin Mass Chaplaincy Ecclesiastical Goods Trust" (sim=0.93, no shared URL/email — skipping)
  ? Fuzzy candidate: "Roman Catholic Diocese of Auckland Croatian Migrant Chaplaincy Ecclesiastical Goods Trust" ↔ "Roman Catholic Diocese of Auckland Samoan Migrant Chaplaincy Ecclesiastical Goods Trust" (sim=0.97, no shared URL/email — skipping)
  ? Fuzzy candidate: "Roman Catholic Diocese of Auckland Croatian Migrant Chaplaincy Ecclesiastical Goods Trust" ↔ "Roman Catholic Diocese of Auckland Sri Lankan Migrant Chaplaincy Ecclesiastical Goods Trust" (sim=0.94, no shared URL/email — skipping)
  ? Fuzzy candidate: "Roman Catholic Diocese of Auckland Croatian Migrant Chaplaincy Ecclesiastical Goods Trust" ↔ "Roman Catholic Diocese of Auckland Tongan Migrant Chaplaincy Ecclesiastical Goods Trust" (sim=0.96, no shared URL/email — skipping)
  ? Fuzzy candidate: "Roman Catholic Diocese of Auckland Croatian Migrant Chaplaincy Ecclesiastical Goods Trust" ↔ "Roman Catholic Diocese of Auckland Vietnamese Migrant Chaplaincy Ecclesiastical Goods Trust" (sim=0.93, no shared URL/email — skipping)
  ? Fuzzy candidate: "Roman Catholic Diocese of Auckland Fiji Migrant Chaplaincy Ecclesiastical Goods Trust" ↔ "Roman Catholic Diocese of Auckland Filipino Migrant Chaplaincy Ecclesiastical Goods Trust" (sim=0.95, no shared URL/email — skipping)
  ? Fuzzy candidate: "Roman Catholic Diocese of Auckland Fiji Migrant Chaplaincy Ecclesiastical Goods Trust" ↔ "Roman Catholic Diocese of Auckland Indonesian Migrant Chaplaincy Ecclesiastical Goods Trust" (sim=0.94, no shared URL/email — skipping)
  ? Fuzzy candidate: "Roman Catholic Diocese of Auckland Fiji Migrant Chaplaincy Ecclesiastical Goods Trust" ↔ "Roman Catholic Diocese of Auckland Kiribati Migrant Chaplaincy Ecclesiastical Goods Trust" (sim=0.94, no shared URL/email — skipping)
  ? Fuzzy candidate: "Roman Catholic Diocese of Auckland Fiji Migrant Chaplaincy Ecclesiastical Goods Trust" ↔ "Roman Catholic Diocese of Auckland Latin American Migrant Chaplaincy Ecclesiastical Goods Trust" (sim=0.93, no shared URL/email — skipping)
  ? Fuzzy candidate: "Roman Catholic Diocese of Auckland Fiji Migrant Chaplaincy Ecclesiastical Goods Trust" ↔ "Roman Catholic Diocese of Auckland Latin Mass Chaplaincy Ecclesiastical Goods Trust" (sim=0.91, no shared URL/email — skipping)
  ? Fuzzy candidate: "Roman Catholic Diocese of Auckland Fiji Migrant Chaplaincy Ecclesiastical Goods Trust" ↔ "Roman Catholic Diocese of Auckland Samoan Migrant Chaplaincy Ecclesiastical Goods Trust" (sim=0.93, no shared URL/email — skipping)
  ? Fuzzy candidate: "Roman Catholic Diocese of Auckland Fiji Migrant Chaplaincy Ecclesiastical Goods Trust" ↔ "Roman Catholic Diocese of Auckland Sri Lankan Migrant Chaplaincy Ecclesiastical Goods Trust" (sim=0.94, no shared URL/email — skipping)
  ? Fuzzy candidate: "Roman Catholic Diocese of Auckland Fiji Migrant Chaplaincy Ecclesiastical Goods Trust" ↔ "Roman Catholic Diocese of Auckland Tongan Migrant Chaplaincy Ecclesiastical Goods Trust" (sim=0.94, no shared URL/email — skipping)
  ? Fuzzy candidate: "Roman Catholic Diocese of Auckland Fiji Migrant Chaplaincy Ecclesiastical Goods Trust" ↔ "Roman Catholic Diocese of Auckland Vietnamese Migrant Chaplaincy Ecclesiastical Goods Trust" (sim=0.92, no shared URL/email — skipping)
  ? Fuzzy candidate: "Roman Catholic Diocese of Auckland Filipino Migrant Chaplaincy Ecclesiastical Goods Trust" ↔ "Roman Catholic Diocese of Auckland Indonesian Migrant Chaplaincy Ecclesiastical Goods Trust" (sim=0.93, no shared URL/email — skipping)
  ? Fuzzy candidate: "Roman Catholic Diocese of Auckland Filipino Migrant Chaplaincy Ecclesiastical Goods Trust" ↔ "Roman Catholic Diocese of Auckland Kiribati Migrant Chaplaincy Ecclesiastical Goods Trust" (sim=0.91, no shared URL/email — skipping)
  ? Fuzzy candidate: "Roman Catholic Diocese of Auckland Filipino Migrant Chaplaincy Ecclesiastical Goods Trust" ↔ "Roman Catholic Diocese of Auckland Latin American Migrant Chaplaincy Ecclesiastical Goods Trust" (sim=0.92, no shared URL/email — skipping)
  ? Fuzzy candidate: "Roman Catholic Diocese of Auckland Filipino Migrant Chaplaincy Ecclesiastical Goods Trust" ↔ "Roman Catholic Diocese of Auckland Latin Mass Chaplaincy Ecclesiastical Goods Trust" (sim=0.90, no shared URL/email — skipping)
  ? Fuzzy candidate: "Roman Catholic Diocese of Auckland Filipino Migrant Chaplaincy Ecclesiastical Goods Trust" ↔ "Roman Catholic Diocese of Auckland Samoan Migrant Chaplaincy Ecclesiastical Goods Trust" (sim=0.92, no shared URL/email — skipping)
  ? Fuzzy candidate: "Roman Catholic Diocese of Auckland Filipino Migrant Chaplaincy Ecclesiastical Goods Trust" ↔ "Roman Catholic Diocese of Auckland Sri Lankan Migrant Chaplaincy Ecclesiastical Goods Trust" (sim=0.91, no shared URL/email — skipping)
  ? Fuzzy candidate: "Roman Catholic Diocese of Auckland Filipino Migrant Chaplaincy Ecclesiastical Goods Trust" ↔ "Roman Catholic Diocese of Auckland Tongan Migrant Chaplaincy Ecclesiastical Goods Trust" (sim=0.93, no shared URL/email — skipping)
  ? Fuzzy candidate: "Roman Catholic Diocese of Auckland Filipino Migrant Chaplaincy Ecclesiastical Goods Trust" ↔ "Roman Catholic Diocese of Auckland Vietnamese Migrant Chaplaincy Ecclesiastical Goods Trust" (sim=0.90, no shared URL/email — skipping)
  ? Fuzzy candidate: "Roman Catholic Diocese of Auckland Indonesian Migrant Chaplaincy Ecclesiastical Goods Trust" ↔ "Roman Catholic Diocese of Auckland Kiribati Migrant Chaplaincy Ecclesiastical Goods Trust" (sim=0.93, no shared URL/email — skipping)
  ? Fuzzy candidate: "Roman Catholic Diocese of Auckland Indonesian Migrant Chaplaincy Ecclesiastical Goods Trust" ↔ "Roman Catholic Diocese of Auckland Latin American Migrant Chaplaincy Ecclesiastical Goods Trust" (sim=0.94, no shared URL/email — skipping)
  ? Fuzzy candidate: "Roman Catholic Diocese of Auckland Indonesian Migrant Chaplaincy Ecclesiastical Goods Trust" ↔ "Roman Catholic Diocese of Auckland Latin Mass Chaplaincy Ecclesiastical Goods Trust" (sim=0.92, no shared URL/email — skipping)
  ? Fuzzy candidate: "Roman Catholic Diocese of Auckland Indonesian Migrant Chaplaincy Ecclesiastical Goods Trust" ↔ "Roman Catholic Diocese of Auckland Samoan Migrant Chaplaincy Ecclesiastical Goods Trust" (sim=0.94, no shared URL/email — skipping)
  ? Fuzzy candidate: "Roman Catholic Diocese of Auckland Indonesian Migrant Chaplaincy Ecclesiastical Goods Trust" ↔ "Roman Catholic Diocese of Auckland Sri Lankan Migrant Chaplaincy Ecclesiastical Goods Trust" (sim=0.93, no shared URL/email — skipping)
  ? Fuzzy candidate: "Roman Catholic Diocese of Auckland Indonesian Migrant Chaplaincy Ecclesiastical Goods Trust" ↔ "Roman Catholic Diocese of Auckland Tongan Migrant Chaplaincy Ecclesiastical Goods Trust" (sim=0.96, no shared URL/email — skipping)
  ? Fuzzy candidate: "Roman Catholic Diocese of Auckland Indonesian Migrant Chaplaincy Ecclesiastical Goods Trust" ↔ "Roman Catholic Diocese of Auckland Vietnamese Migrant Chaplaincy Ecclesiastical Goods Trust" (sim=0.92, no shared URL/email — skipping)
  ? Fuzzy candidate: "Roman Catholic Diocese of Auckland Kiribati Migrant Chaplaincy Ecclesiastical Goods Trust" ↔ "Roman Catholic Diocese of Auckland Latin American Migrant Chaplaincy Ecclesiastical Goods Trust" (sim=0.94, no shared URL/email — skipping)
  ? Fuzzy candidate: "Roman Catholic Diocese of Auckland Kiribati Migrant Chaplaincy Ecclesiastical Goods Trust" ↔ "Roman Catholic Diocese of Auckland Latin Mass Chaplaincy Ecclesiastical Goods Trust" (sim=0.90, no shared URL/email — skipping)
  ? Fuzzy candidate: "Roman Catholic Diocese of Auckland Kiribati Migrant Chaplaincy Ecclesiastical Goods Trust" ↔ "Roman Catholic Diocese of Auckland Samoan Migrant Chaplaincy Ecclesiastical Goods Trust" (sim=0.92, no shared URL/email — skipping)
  ? Fuzzy candidate: "Roman Catholic Diocese of Auckland Kiribati Migrant Chaplaincy Ecclesiastical Goods Trust" ↔ "Roman Catholic Diocese of Auckland Sri Lankan Migrant Chaplaincy Ecclesiastical Goods Trust" (sim=0.94, no shared URL/email — skipping)
  ? Fuzzy candidate: "Roman Catholic Diocese of Auckland Kiribati Migrant Chaplaincy Ecclesiastical Goods Trust" ↔ "Roman Catholic Diocese of Auckland Tongan Migrant Chaplaincy Ecclesiastical Goods Trust" (sim=0.93, no shared URL/email — skipping)
  ? Fuzzy candidate: "Roman Catholic Diocese of Auckland Kiribati Migrant Chaplaincy Ecclesiastical Goods Trust" ↔ "Roman Catholic Diocese of Auckland Vietnamese Migrant Chaplaincy Ecclesiastical Goods Trust" (sim=0.90, no shared URL/email — skipping)
  ? Fuzzy candidate: "Roman Catholic Diocese of Auckland Latin American Migrant Chaplaincy Ecclesiastical Goods Trust" ↔ "Roman Catholic Diocese of Auckland Latin Mass Chaplaincy Ecclesiastical Goods Trust" (sim=0.92, no shared URL/email — skipping)
  ? Fuzzy candidate: "Roman Catholic Diocese of Auckland Latin American Migrant Chaplaincy Ecclesiastical Goods Trust" ↔ "Roman Catholic Diocese of Auckland Samoan Migrant Chaplaincy Ecclesiastical Goods Trust" (sim=0.95, no shared URL/email — skipping)
  ? Fuzzy candidate: "Roman Catholic Diocese of Auckland Latin American Migrant Chaplaincy Ecclesiastical Goods Trust" ↔ "Roman Catholic Diocese of Auckland Sri Lankan Migrant Chaplaincy Ecclesiastical Goods Trust" (sim=0.95, no shared URL/email — skipping)
  ? Fuzzy candidate: "Roman Catholic Diocese of Auckland Latin American Migrant Chaplaincy Ecclesiastical Goods Trust" ↔ "Roman Catholic Diocese of Auckland Tongan Migrant Chaplaincy Ecclesiastical Goods Trust" (sim=0.94, no shared URL/email — skipping)
  ? Fuzzy candidate: "Roman Catholic Diocese of Auckland Latin American Migrant Chaplaincy Ecclesiastical Goods Trust" ↔ "Roman Catholic Diocese of Auckland Vietnamese Migrant Chaplaincy Ecclesiastical Goods Trust" (sim=0.94, no shared URL/email — skipping)
  ? Fuzzy candidate: "Roman Catholic Diocese of Auckland Latin Mass Chaplaincy Ecclesiastical Goods Trust" ↔ "Roman Catholic Diocese of Auckland Samoan Migrant Chaplaincy Ecclesiastical Goods Trust" (sim=0.91, no shared URL/email — skipping)
  ? Fuzzy candidate: "Roman Catholic Diocese of Auckland Latin Mass Chaplaincy Ecclesiastical Goods Trust" ↔ "Roman Catholic Diocese of Auckland Sri Lankan Migrant Chaplaincy Ecclesiastical Goods Trust" (sim=0.91, no shared URL/email — skipping)
  ? Fuzzy candidate: "Roman Catholic Diocese of Auckland Latin Mass Chaplaincy Ecclesiastical Goods Trust" ↔ "Roman Catholic Diocese of Auckland Tongan Migrant Chaplaincy Ecclesiastical Goods Trust" (sim=0.92, no shared URL/email — skipping)
  ? Fuzzy candidate: "Roman Catholic Diocese of Auckland Latin Mass Chaplaincy Ecclesiastical Goods Trust" ↔ "Roman Catholic Diocese of Auckland Vietnamese Migrant Chaplaincy Ecclesiastical Goods Trust" (sim=0.89, no shared URL/email — skipping)
  ? Fuzzy candidate: "Roman Catholic Diocese of Auckland Samoan Migrant Chaplaincy Ecclesiastical Goods Trust" ↔ "Roman Catholic Diocese of Auckland Sri Lankan Migrant Chaplaincy Ecclesiastical Goods Trust" (sim=0.94, no shared URL/email — skipping)
  ? Fuzzy candidate: "Roman Catholic Diocese of Auckland Samoan Migrant Chaplaincy Ecclesiastical Goods Trust" ↔ "Roman Catholic Diocese of Auckland Tongan Migrant Chaplaincy Ecclesiastical Goods Trust" (sim=0.94, no shared URL/email — skipping)
  ? Fuzzy candidate: "Roman Catholic Diocese of Auckland Samoan Migrant Chaplaincy Ecclesiastical Goods Trust" ↔ "Roman Catholic Diocese of Auckland Vietnamese Migrant Chaplaincy Ecclesiastical Goods Trust" (sim=0.93, no shared URL/email — skipping)
  ? Fuzzy candidate: "Roman Catholic Diocese of Auckland Sri Lankan Migrant Chaplaincy Ecclesiastical Goods Trust" ↔ "Roman Catholic Diocese of Auckland Tongan Migrant Chaplaincy Ecclesiastical Goods Trust" (sim=0.93, no shared URL/email — skipping)
  ? Fuzzy candidate: "Roman Catholic Diocese of Auckland Sri Lankan Migrant Chaplaincy Ecclesiastical Goods Trust" ↔ "Roman Catholic Diocese of Auckland Vietnamese Migrant Chaplaincy Ecclesiastical Goods Trust" (sim=0.90, no shared URL/email — skipping)
  ? Fuzzy candidate: "Roman Catholic Diocese of Auckland Tongan Migrant Chaplaincy Ecclesiastical Goods Trust" ↔ "Roman Catholic Diocese of Auckland Vietnamese Migrant Chaplaincy Ecclesiastical Goods Trust" (sim=0.92, no shared URL/email — skipping)
  ? Fuzzy candidate: "Rotary Club Of Ashburton Charitable Trust" ↔ "Rotary Club of Ashburton Plains Charitable Trust" (sim=0.91, no shared URL/email — skipping)
  ? Fuzzy candidate: "Rotary Club of Christchurch Charitable Trust" ↔ "Rotary Club of Christchurch South Charitable Trust" (sim=0.93, no shared URL/email — skipping)
  ? Fuzzy candidate: "Rotary Club of Christchurch Charitable Trust" ↔ "Rotary Club Of Drury Charitable Trust" (sim=0.88, no shared URL/email — skipping)
  ? Fuzzy candidate: "Rotary Club Of Drury Charitable Trust" ↔ "Rotary Club of Hornby Charitable Trust" (sim=0.86, no shared URL/email — skipping)
  ? Fuzzy candidate: "Rotary Club of Eastern Hutt Incorporated Charitable Trust" ↔ "Rotary Club of Hutt City Incorporated Charitable Trust" (sim=0.92, no shared URL/email — skipping)
  ? Fuzzy candidate: "Rotary Club of Highbrook Incorporated Charitable Trust" ↔ "Rotary Club of Hutt City Incorporated Charitable Trust" (sim=0.85, no shared URL/email — skipping)
  ? Fuzzy candidate: "Rotary Club of Hornby Charitable Trust" ↔ "Rotary Club of Karori Charitable  Trust" (sim=0.86, no shared URL/email — skipping)
  ? Fuzzy candidate: "Rotary Club of Invercargill Charitable Trust" ↔ "Rotary Club of Invercargill East Charitable Trust" (sim=0.95, no shared URL/email — skipping)
  ? Fuzzy candidate: "Rotary Club of Invercargill Charitable Trust" ↔ "Rotary Club of Invercargill North Charitable Trust" (sim=0.93, no shared URL/email — skipping)
  ? Fuzzy candidate: "Rotary Club of Invercargill Charitable Trust" ↔ "Rotary Club Of Invercargill South Inc Charitable Trust" (sim=0.91, no shared URL/email — skipping)
  ? Fuzzy candidate: "Rotary Club of Invercargill East Charitable Trust" ↔ "Rotary Club of Invercargill North Charitable Trust" (sim=0.89, no shared URL/email — skipping)
  ? Fuzzy candidate: "Rotary Club of Invercargill East Charitable Trust" ↔ "Rotary Club Of Invercargill South Inc Charitable Trust" (sim=0.87, no shared URL/email — skipping)
  ? Fuzzy candidate: "Rotary Club of Invercargill North Charitable Trust" ↔ "Rotary Club Of Invercargill South Inc Charitable Trust" (sim=0.89, no shared URL/email — skipping)
  ? Fuzzy candidate: "Rotary Club of Kaikohe  Charitable Trust" ↔ "Rotary Club of Kapiti Charitable Trust" (sim=0.85, no shared URL/email — skipping)
  ? Fuzzy candidate: "Rotary Club of Kaikohe  Charitable Trust" ↔ "Rotary Club of Karori Charitable  Trust" (sim=0.90, no shared URL/email — skipping)
  ? Fuzzy candidate: "Rotary Club of Kaikohe  Charitable Trust" ↔ "Rotary Club of Katikati Charitable Trust" (sim=0.88, no shared URL/email — skipping)
  ? Fuzzy candidate: "Rotary Club of Kaikohe  Charitable Trust" ↔ "Rotary Club Of Kerikeri Charitable Trust" (sim=0.87, no shared URL/email — skipping)
  ? Fuzzy candidate: "Rotary Club of Kapiti Charitable Trust" ↔ "Rotary Club of Karori Charitable  Trust" (sim=0.92, no shared URL/email — skipping)
  ? Fuzzy candidate: "Rotary Club of Kapiti Charitable Trust" ↔ "Rotary Club of Katikati Charitable Trust" (sim=0.94, no shared URL/email — skipping)
  ? Fuzzy candidate: "Rotary Club of Kapiti Charitable Trust" ↔ "Rotary Club Of Kerikeri Charitable Trust" (sim=0.89, no shared URL/email — skipping)
  ? Fuzzy candidate: "Rotary Club of Kapiti Charitable Trust" ↔ "Rotary Club of Napier Charitable Trust" (sim=0.87, no shared URL/email — skipping)
  ? Fuzzy candidate: "Rotary Club of Karori Charitable  Trust" ↔ "Rotary Club of Katikati Charitable Trust" (sim=0.92, no shared URL/email — skipping)
  ? Fuzzy candidate: "Rotary Club of Karori Charitable  Trust" ↔ "Rotary Club Of Kerikeri Charitable Trust" (sim=0.91, no shared URL/email — skipping)
  ? Fuzzy candidate: "Rotary Club of Katikati Charitable Trust" ↔ "Rotary Club Of Kerikeri Charitable Trust" (sim=0.92, no shared URL/email — skipping)
  ? Fuzzy candidate: "Rotary Club of Katikati Charitable Trust" ↔ "Rotary Club of Matamata Charitable Trust" (sim=0.86, no shared URL/email — skipping)
  ? Fuzzy candidate: "Rotary Club of Levin Charitable Trust" ↔ "Rotary Club of Marton Charitable Trust" (sim=0.86, no shared URL/email — skipping)
  ? Fuzzy candidate: "Rotary Club of Marton Charitable Trust" ↔ "Rotary Club of Masterton Charitable Trust" (sim=0.96, no shared URL/email — skipping)
  ? Fuzzy candidate: "Rotary Club of Marton Charitable Trust" ↔ "Rotary Club of Masterton South Charitable Trust" (sim=0.88, no shared URL/email — skipping)
  ? Fuzzy candidate: "Rotary Club of Marton Charitable Trust" ↔ "Rotary Club of Matamata Charitable Trust" (sim=0.89, no shared URL/email — skipping)
  ? Fuzzy candidate: "Rotary Club of Masterton Charitable Trust" ↔ "Rotary Club of Masterton South Charitable Trust" (sim=0.92, no shared URL/email — skipping)
  ? Fuzzy candidate: "Rotary Club of Masterton Charitable Trust" ↔ "Rotary Club of Matamata Charitable Trust" (sim=0.85, no shared URL/email — skipping)
  ? Fuzzy candidate: "Rotary Club of Matamata Charitable Trust" ↔ "Rotary Club of Motueka Charitable Trust" (sim=0.88, no shared URL/email — skipping)
  ? Fuzzy candidate: "Rotary Club of Matamata Charitable Trust" ↔ "Rotary Club Of Otahuhu Charitable Trust" (sim=0.86, no shared URL/email — skipping)
  ? Fuzzy candidate: "Rotary Club of Motueka Charitable Trust" ↔ "Rotary Club Of Otumoetai Charitable Trust" (sim=0.85, no shared URL/email — skipping)
  ? Fuzzy candidate: "Rotary Club of Motueka Charitable Trust" ↔ "ROTARY CLUB OF PAPAMOA CHARITABLE TRUST" (sim=0.85, no shared URL/email — skipping)
  ? Fuzzy candidate: "Rotary Club of One Tree Hill Charitable Trust" ↔ "Rotary Club of Parnell Charitable Trust" (sim=0.86, no shared URL/email — skipping)
  ? Fuzzy candidate: "Rotary Club Of Pakuranga Charitable Trust" ↔ "Rotary Club Of Papakura Charitable Trust" (sim=0.94, no shared URL/email — skipping)
  ? Fuzzy candidate: "Rotary Club Of Papakura Charitable Trust" ↔ "ROTARY CLUB OF PAPAMOA CHARITABLE TRUST" (sim=0.90, no shared URL/email — skipping)
  ? Fuzzy candidate: "ROTARY CLUB OF PAPAMOA CHARITABLE TRUST" ↔ "Rotary Club of Parnell Charitable Trust" (sim=0.85, no shared URL/email — skipping)
  ? Fuzzy candidate: "Rotary Club Of Papatoetoe West Charitable Trust" ↔ "Rotary Club of Rotorua West Charitable  Trust" (sim=0.85, no shared URL/email — skipping)
  ? Fuzzy candidate: "Rotary Club of Parnell Charitable Trust" ↔ "Rotary Club of Petone Charitable Trust" (sim=0.87, no shared URL/email — skipping)
  ? Fuzzy candidate: "Rotary Club of Penrose Charitable Trust" ↔ "Rotary Club of Petone Charitable Trust" (sim=0.88, no shared URL/email — skipping)
  ? Fuzzy candidate: "Rotary Club of Penrose Charitable Trust" ↔ "Rotary Club of Takaro Charitable Trust" (sim=0.86, no shared URL/email — skipping)
  ? Fuzzy candidate: "Rotary Club of Petone Charitable Trust" ↔ "Rotary Club of Takaro Charitable Trust" (sim=0.86, no shared URL/email — skipping)
  ? Fuzzy candidate: "Rotary Club of Petone Charitable Trust" ↔ "Rotary Club of Tawa Charitable Trust" (sim=0.86, no shared URL/email — skipping)
  ? Fuzzy candidate: "Rotary Club Of Pukekohe Incorporated Charitable Trust" ↔ "Rotary Club of Te Aroha Incorporated Charitable Trust" (sim=0.90, no shared URL/email — skipping)
  ? Fuzzy candidate: "Rotary Club of Remuera Incorporated Charitable Trust" ↔ "Rotary Club of Te Aroha Incorporated Charitable Trust" (sim=0.91, no shared URL/email — skipping)
  ? Fuzzy candidate: "Rotary Club of Remuera Incorporated Charitable Trust" ↔ "Rotary Club of Temuka Geraldine Incorporated Charitable Trust" (sim=0.89, no shared URL/email — skipping)
  ? Fuzzy candidate: "Rotary Club of Rotorua Passport Charitable Trust" ↔ "Rotary Club of Rotorua West Charitable  Trust" (sim=0.86, no shared URL/email — skipping)
  ? Fuzzy candidate: "Rotary Club Of Rotorua Sunrise Charitable Trust" ↔ "Rotary Club of Rotorua West Charitable  Trust" (sim=0.85, no shared URL/email — skipping)
  ? Fuzzy candidate: "Rotary Club Of Rotorua Sunrise Charitable Trust" ↔ "Rotary Club of Rototuna Charitable Trust" (sim=0.87, no shared URL/email — skipping)
  ? Fuzzy candidate: "Rotary Club of Rotorua West Charitable  Trust" ↔ "Rotary Club of Rototuna Charitable Trust" (sim=0.86, no shared URL/email — skipping)
  ? Fuzzy candidate: "Rotary Club of Rototuna Charitable Trust" ↔ "Rotary Club of Takaro Charitable Trust" (sim=0.86, no shared URL/email — skipping)
  ? Fuzzy candidate: "Rotary Club of Rototuna Charitable Trust" ↔ "Rotary Club of Tawa Charitable Trust" (sim=0.89, no shared URL/email — skipping)
  ? Fuzzy candidate: "Rotary Club Of Taieri Charitable Trust" ↔ "Rotary Club of Takaro Charitable Trust" (sim=0.89, no shared URL/email — skipping)
  ? Fuzzy candidate: "Rotary Club Of Taieri Charitable Trust" ↔ "Rotary Club of Taumarunui Charitable Trust" (sim=0.86, no shared URL/email — skipping)
  ? Fuzzy candidate: "Rotary Club Of Taieri Charitable Trust" ↔ "Rotary Club of Tawa Charitable Trust" (sim=0.89, no shared URL/email — skipping)
  ? Fuzzy candidate: "Rotary Club Of Taieri Charitable Trust" ↔ "Rotary Club Of Timaru Charitable Trust" (sim=0.87, no shared URL/email — skipping)
  ? Fuzzy candidate: "Rotary Club Of Taieri Charitable Trust" ↔ "Rotary Club of Turangi Charitable Trust" (sim=0.86, no shared URL/email — skipping)
  ? Fuzzy candidate: "Rotary Club of Takaro Charitable Trust" ↔ "Rotary Club of Tawa Charitable Trust" (sim=0.90, no shared URL/email — skipping)
  ? Fuzzy candidate: "Rotary Club of Takaro Charitable Trust" ↔ "Rotary Club Of Timaru Charitable Trust" (sim=0.89, no shared URL/email — skipping)
  ? Fuzzy candidate: "Rotary Club of Takaro Charitable Trust" ↔ "Rotary Club of Wanaka Charitable Trust" (sim=0.91, no shared URL/email — skipping)
  ? Fuzzy candidate: "Rotary Club of Taumarunui Charitable Trust" ↔ "Rotary Club Of Timaru Charitable Trust" (sim=0.86, no shared URL/email — skipping)
  ? Fuzzy candidate: "Rotary Club of Tawa Charitable Trust" ↔ "Rotary Club Of Timaru Charitable Trust" (sim=0.89, no shared URL/email — skipping)
  ? Fuzzy candidate: "Rotary Club of Tawa Charitable Trust" ↔ "Rotary Club of Wanaka Charitable Trust" (sim=0.91, no shared URL/email — skipping)
  ? Fuzzy candidate: "Rotary Club of Te Aroha Incorporated Charitable Trust" ↔ "Rotary Club of Temuka Geraldine Incorporated Charitable Trust" (sim=0.86, no shared URL/email — skipping)
  ? Fuzzy candidate: "Rotary Club Of Timaru Charitable Trust" ↔ "Rotary Club of Timaru North Charitable Trust" (sim=0.91, no shared URL/email — skipping)
  [fuzzy-name] Rotary Club Of Timaru Charitable Trust (keep id=81244 CC22195)
    ← merge id=73071 CC49270 (0 grants)
  ? Fuzzy candidate: "Rotary Club Of Wellington North Charitable Trust" ↔ "Rotary Club of Wellington South Charitable Trust" (sim=0.91, no shared URL/email — skipping)
  [fuzzy-name] Royston Health Trust Board (keep id=73506 CC25600)
    ← merge id=91827 SD17FC36C8 (1 grants)
    → 2 grants re-pointed
  ? Fuzzy candidate: "Saint Albans School Parent Teacher Association" ↔ "Saint Josephs School Parent Teacher Association" (sim=0.86, no shared URL/email — skipping)
  ? Fuzzy candidate: "Saint Joseph's Parent, Teachers and Friends Association" ↔ "Saint Joseph's Rangiora Parent and Teacher Association" (sim=0.86, no shared URL/email — skipping)
  ? Fuzzy candidate: "Saint Joseph's Parent, Teachers and Friends Association" ↔ "Saint Joseph’s (Papanui) Parent, Teacher Association" (sim=0.85, no shared URL/email — skipping)
  ? Fuzzy candidate: "Saint Joseph's Rangiora Parent and Teacher Association" ↔ "Saint Joseph’s (Papanui) Parent, Teacher Association" (sim=0.86, no shared URL/email — skipping)
  ? Fuzzy candidate: "Saint Josephs School Parent Teacher Association" ↔ "Saint Joseph’s (Papanui) Parent, Teacher Association" (sim=0.87, no shared URL/email — skipping)
  ? Fuzzy candidate: "Saint Josephs School Parent Teacher Association" ↔ "Saint Thomas's School Parent Teacher Association" (sim=0.88, no shared URL/email — skipping)
  ? Fuzzy candidate: "Saint Mary's College Parent Teacher and Friends Association" ↔ "Saint Peter's College Parents Teachers Friends Association" (sim=0.89, no shared URL/email — skipping)
  ? Fuzzy candidate: "Samoan Congregational Christian Church (Christchurch) Trust Board" ↔ "Samoan Congregational Christian Church Of New Lynn Trust Board" (sim=0.87, no shared URL/email — skipping)
  ? Fuzzy candidate: "Samoan Methodist Churches of Samoa (Manukau Parish) in New Zealand" ↔ "Samoan Methodist Churches of Samoa (Otara Parish) in New Zealand" (sim=0.91, no shared URL/email — skipping)
  ? Fuzzy candidate: "Samoan Methodist Churches of Samoa (Otara Parish) in New Zealand" ↔ "Samoan Methodist Churches of Samoa (Porirua Parish) in New Zealand Incorporated" (sim=0.87, no shared URL/email — skipping)
  ? Fuzzy candidate: "SDB Charitable Trust Board" ↔ "SDL Charitable Trust Board" (sim=0.92, no shared URL/email — skipping)
  ? Fuzzy candidate: "Shivshakti Charitable Trust" ↔ "SHRI SHIV SHAKTI  CHARITABLE TRUST" (sim=0.90, no shared URL/email — skipping)
  ? Fuzzy candidate: "Southern Cross Healthcare Limited" ↔ "Southern Cross Healthcare Northland Limited" (sim=0.87, no shared URL/email — skipping)
  ? Fuzzy candidate: "Southern Lights Charitable Trust" ↔ "Southern Stars Charitable Trust" (sim=0.86, no shared URL/email — skipping)
  ? Fuzzy candidate: "Sport New Zealand" ↔ "Sport New Zealand" (sim=1.00, no shared URL/email — skipping)
  ? Fuzzy candidate: "St Mark's Presbyterian Church" ↔ "St Mark's Presbyterian Church, Tokoroa" (sim=0.87, no shared URL/email — skipping)
  ? Fuzzy candidate: "St Paul's Presbyterian Church Kaikoura" ↔ "St Pauls Presbyterian Church Katikati" (sim=0.91, no shared URL/email — skipping)
  ? Fuzzy candidate: "St Peter's Catholic School Parents, Teachers And Friends Association" ↔ "St Peters Parent Teachers and Friends Association" (sim=0.85, no shared URL/email — skipping)
  ? Fuzzy candidate: "St Therese's Mangere East Ecclesiastical Goods Trust" ↔ "St Therese's Moerewa Ecclesiastical Goods Trust" (sim=0.85, no shared URL/email — skipping)
  ? Fuzzy candidate: "St Therese's Mangere East Ecclesiastical Goods Trust" ↔ "St Therese's Three Kings Ecclesiastical Goods Trust" (sim=0.86, no shared URL/email — skipping)
  ? Fuzzy candidate: "Supergrans Charitable Trust" ↔ "SuperGrans Dunedin Charitable Trust" (sim=0.87, no shared URL/email — skipping)
  ? Fuzzy candidate: "Supergrans Charitable Trust" ↔ "SuperGrans Manawatū Charitable Trust" (sim=0.88, no shared URL/email — skipping)
  ? Fuzzy candidate: "Tainui Home Trust Board" ↔ "Taita Home Trust Board" (sim=0.86, no shared URL/email — skipping)
  ? Fuzzy candidate: "Tasman Charitable Trust" ↔ "Tasman Smith Charitable Trust" (sim=0.91, no shared URL/email — skipping)
  ? Fuzzy candidate: "Tauranga Boys' College Arts Council Trust" ↔ "Tauranga Boys' College Titans Sports Council Trust" (sim=0.88, no shared URL/email — skipping)
  ? Fuzzy candidate: "Tauranga City Council" ↔ "Tauranga City Council" (sim=1.00, no shared URL/email — skipping)
  ? Fuzzy candidate: "Tauranga Maritime Charitable Trust" ↔ "Tauranga X Charitable Trust" (sim=0.87, no shared URL/email — skipping)
  ? Fuzzy candidate: "Tauranga Moana Maori Trust Board" ↔ "Tauranga Moana Maori Trust Board " (sim=1.00, no shared URL/email — skipping)
  ? Fuzzy candidate: "TDL No.1 Limited" ↔ "TDL NO.3 LIMITED" (sim=0.86, no shared URL/email — skipping)
  ? Fuzzy candidate: "Te Ahu Charitable Trust" ↔ "Te Ahu Pātiki Charitable Trust" (sim=0.88, no shared URL/email — skipping)
  ? Fuzzy candidate: "Te Ara Hou Charitable Trust" ↔ "Te Ara Tīrama Charitable Trust" (sim=0.87, no shared URL/email — skipping)
  ? Fuzzy candidate: "Te Ara Poutama AEC Charitable Trust" ↔ "Te Ara Tīrama Charitable Trust" (sim=0.86, no shared URL/email — skipping)
  ? Fuzzy candidate: "Te Ara Tupua Charitable Trust" ↔ "Te Ara Tīrama Charitable Trust" (sim=0.87, no shared URL/email — skipping)
  ? Fuzzy candidate: "Te Ara Tīrama Charitable Trust" ↔ "Te Aratika Charitable Trust" (sim=0.87, no shared URL/email — skipping)
  ? Fuzzy candidate: "Te Aro Health Centre Funding Trust" ↔ "Te Aro Health Centre Trust" (sim=0.85, no shared URL/email — skipping)
  ? Fuzzy candidate: "Te Kaha Rangatahi Charitable Trust" ↔ "Te Karanga Charitable Trust" (sim=0.91, no shared URL/email — skipping)
  ? Fuzzy candidate: "Te Manawaroa Charitable Trust" ↔ "Te Manawaroa o Ngāti Tama Charitable Trust" (sim=0.87, no shared URL/email — skipping)
  ? Fuzzy candidate: "Te Mata School Parent Teacher Association" ↔ "Te Miro School Parent Teacher Association" (sim=0.91, no shared URL/email — skipping)
  ? Fuzzy candidate: "Te Ohu Whakaita Charitable Trust" ↔ "Te Ohu Whakawhanaunga Charitable Trust" (sim=0.87, no shared URL/email — skipping)
  ? Fuzzy candidate: "Te Puna a Rona Charitable Trust" ↔ "Te Puna Ariki Charitable Trust" (sim=0.88, no shared URL/email — skipping)
  ? Fuzzy candidate: "Te Ranga Mangōpare Charitable Trust" ↔ "Te Ranga Mārō Charitable Trust" (sim=0.89, no shared URL/email — skipping)
  ? Fuzzy candidate: "Te Reo Irirangi O Taranaki Charitable Trust" ↔ "Te Reo Irirangi O Te Arawa Charitable Trust" (sim=0.89, no shared URL/email — skipping)
  ? Fuzzy candidate: "Te Reo Irirangi O Taranaki Charitable Trust" ↔ "Te Reo O Taranaki Charitable Trust" (sim=0.93, no shared URL/email — skipping)
  ? Fuzzy candidate: "Te Tarata Charitable Trust" ↔ "Te Tatau o Te Arawa Charitable Trust" (sim=0.85, no shared URL/email — skipping)
  ? Fuzzy candidate: "Te Waotu Charitable Trust" ↔ "Te Weu Charitable Trust" (sim=0.86, no shared URL/email — skipping)
  ? Fuzzy candidate: "Te Whare Mahana Trust Board" ↔ "Te Whare o Wana Trust Board" (sim=0.87, no shared URL/email — skipping)
  ? Fuzzy candidate: "Te Whare Putea Charitable Trust" ↔ "Te Whata Charitable Trust" (sim=0.87, no shared URL/email — skipping)
  ? Fuzzy candidate: "TGH Commercial Investment Limited" ↔ "TGH Ruakura Commercial Investment Limited" (sim=0.89, no shared URL/email — skipping)
  ? Fuzzy candidate: "TGH Retail Investment Limited" ↔ "TGH Ruakura Retail Investment Limited" (sim=0.89, no shared URL/email — skipping)
  [fuzzy-name] TGH RUAKURA RESIDENTIAL DEVELOPMENT LIMITED (keep id=76345 CC59541)
    ← merge id=76360 CC59592 (0 grants)
  ? Fuzzy candidate: "TGH Ruakura JV Whenua Hold Co Limited" ↔ "TGH Ruakura Whenua Hold Co Limited" (sim=0.95, no shared URL/email — skipping)
  ? Fuzzy candidate: "The Auckland Irish Society Incorporated" ↔ "The Auckland Sikh Society Incorporated" (sim=0.90, no shared URL/email — skipping)
  ? Fuzzy candidate: "The Barnabas 07 Charitable Trust" ↔ "The Barnabas Charitable Trust" (sim=0.94, no shared URL/email — skipping)
  ? Fuzzy candidate: "The Christchurch Call Foundation" ↔ "The Christchurch Foundation" (sim=0.92, no shared URL/email — skipping)
  ? Fuzzy candidate: "The Congregational Christian Church of Samoa (Te Atatu) Trust Board" ↔ "The Congregational Christian Church Samoa Grey Lynn Trust Board" (sim=0.85, no shared URL/email — skipping)
  ? Fuzzy candidate: "The Congregational Christian Church of Samoa in New Zealand (Hutt Valley)" ↔ "The Congregational Christian Church Of Samoa In New Zealand (Levin) Incorporated" (sim=0.85, no shared URL/email — skipping)
  ? Fuzzy candidate: "The Congregational Christian Church Of Samoa In New Zealand (Levin) Incorporated" ↔ "The Congregational Christian Church of Samoa in New Zealand (Napier) Incorporated" (sim=0.93, no shared URL/email — skipping)
  ? Fuzzy candidate: "The Ferguson Foreman Foundation" ↔ "The Ferguson Foundation" (sim=0.89, no shared URL/email — skipping)
  ? Fuzzy candidate: "The First Samoan Full Gospel Pentecostal Church (Kelston) Trust Board" ↔ "The First Samoan Full Gospel Pentecostal Church (Stokes Valley) Trust Board" (sim=0.90, no shared URL/email — skipping)
  ? Fuzzy candidate: "The Hope Community Centre Trust" ↔ "The Hope Community Trust" (sim=0.92, no shared URL/email — skipping)
  ? Fuzzy candidate: "The House of Breakthrough Trust" ↔ "The House Of Breakthrough Trust Oamaru " (sim=0.91, no shared URL/email — skipping)
  ? Fuzzy candidate: "The Jasmine Charitable Trust" ↔ "The Jasmine Charitable Trust No.2" (sim=0.93, no shared URL/email — skipping)
  ? Fuzzy candidate: "The Levin Charitable Trust" ↔ "The Levingston Cooke Charitable Trust" (sim=0.85, no shared URL/email — skipping)
  ? Fuzzy candidate: "The Life Trust" ↔ "The Lifewise Trust" (sim=0.86, no shared URL/email — skipping)
  ? Fuzzy candidate: "The Lion Foundation" ↔ "The Lion Foundation" (sim=1.00, no shared URL/email — skipping)
  ? Fuzzy candidate: "The Lions Club of Kapiti Pakeke Charitable Trust" ↔ "The Lions Club of Piopio Charitable Trust" (sim=0.86, no shared URL/email — skipping)
  ? Fuzzy candidate: "The Lions Club of Piopio Charitable Trust" ↔ "The Lions Club of Temuka Charitable Trust" (sim=0.86, no shared URL/email — skipping)
  ? Fuzzy candidate: "The Methodist Church of New Zealand Te Haahi Weteriana O Aotearoa - Hamilton St Pauls Methodist Model Deed Trust" ↔ "The Methodist Church of New Zealand Te Haahi Weteriana O Aotearoa Ngatea Methodist Model Deed Trust" (sim=0.88, no shared URL/email — skipping)
  ? Fuzzy candidate: "The New Zealand Robotics Charitable Trust" ↔ "The New Zealand Rotary Clubs Charitable Trust" (sim=0.86, no shared URL/email — skipping)
  ? Fuzzy candidate: "The Open Home Foundation Of New Zealand" ↔ "The Openground Foundation of New Zealand" (sim=0.88, no shared URL/email — skipping)
  ? Fuzzy candidate: "The Polaris Charitable Trust" ↔ "The Polwyn Charitable Trust" (sim=0.86, no shared URL/email — skipping)
  ? Fuzzy candidate: "The Potter's House Christian Church Hamilton" ↔ "The Potters House Christian Church East Hamilton" (sim=0.95, no shared URL/email — skipping)
  ? Fuzzy candidate: "The Prema Charitable Trust" ↔ "The Prime Charitable Trust" (sim=0.87, no shared URL/email — skipping)
  ? Fuzzy candidate: "The Roman Catholic Diocese of Christchurch - The Catholic Parish of Christchurch Cathedral Trust" ↔ "The Roman Catholic Diocese of Christchurch - The Catholic Parish of Hokitika Trust" (sim=0.88, no shared URL/email — skipping)
  ? Fuzzy candidate: "The Roman Catholic Diocese of Christchurch - The Catholic Parish of Christchurch Cathedral Trust" ↔ "The Roman Catholic Diocese of Christchurch - The Catholic Parish of Selwyn Trust" (sim=0.90, no shared URL/email — skipping)
  ? Fuzzy candidate: "The Roman Catholic Diocese of Christchurch - The Catholic Parish of Christchurch Cathedral Trust" ↔ "The Roman Catholic Diocese Of Christchurch Diocesan Trust" (sim=0.88, no shared URL/email — skipping)
  ? Fuzzy candidate: "The Roman Catholic Diocese of Christchurch - The Catholic Parish of Hokitika Trust" ↔ "The Roman Catholic Diocese of Christchurch - The Catholic Parish of Selwyn Trust" (sim=0.88, no shared URL/email — skipping)
  ? Fuzzy candidate: "The Roman Catholic Diocese of Christchurch - The Catholic Parish of Hokitika Trust" ↔ "The Roman Catholic Diocese Of Christchurch Diocesan Trust" (sim=0.85, no shared URL/email — skipping)
  ? Fuzzy candidate: "The Roman Catholic Diocese of Christchurch - The Catholic Parish of Selwyn Trust" ↔ "The Roman Catholic Diocese Of Christchurch Diocesan Trust" (sim=0.88, no shared URL/email — skipping)
  ? Fuzzy candidate: "The Rotary Club Of Browns Bay Charitable Trust" ↔ "The Rotary Club of East Coast Bays Charitable Trust" (sim=0.86, no shared URL/email — skipping)
  ? Fuzzy candidate: "The Rotary Club Of Milton Charitable Trust" ↔ "The Rotary Club Of Nelson Charitable Trust" (sim=0.86, no shared URL/email — skipping)
  ? Fuzzy candidate: "Think Tank Charitable Trust" ↔ "Thinky Things Charitable Trust" (sim=0.85, no shared URL/email — skipping)
  ? Fuzzy candidate: "Tika Charitable Trust" ↔ "Tikanga Aroro Charitable Trust" (sim=0.85, no shared URL/email — skipping)
  ? Fuzzy candidate: "Titoki Foundation" ↔ "Toi Foundation" (sim=0.86, no shared URL/email — skipping)
  ? Fuzzy candidate: "Tokaanu Marae Charitable Trust" ↔ "Tokaanu Maritime Charitable Trust" (sim=0.91, no shared URL/email — skipping)
  ? Fuzzy candidate: "Tremains Community Trust" ↔ "Tremains NZ Community Trust" (sim=0.94, no shared URL/email — skipping)
  ? Fuzzy candidate: "Tuwharetoa FM Charitable Trust" ↔ "Tuwharetoa Ki Te Tai Charitable Trust" (sim=0.86, no shared URL/email — skipping)
  ? Fuzzy candidate: "Tū Manawa Active Aotearoa" ↔ "Tū Manawa Active Aotearoa" (sim=1.00, no shared URL/email — skipping)
  ? Fuzzy candidate: "Victoria University of Wellington" ↔ "Victoria University of Wellington" (sim=1.00, no shared URL/email — skipping)
  ? Fuzzy candidate: "Victoria University of Wellington" ↔ "Victoria University of Wellington Foundation" (sim=0.87, no shared URL/email — skipping)
  ? Fuzzy candidate: "Victoria University of Wellington" ↔ "Victoria University of Wellington Foundation" (sim=0.87, no shared URL/email — skipping)
  ? Fuzzy candidate: "Waihi Assembly of God Trust Board" ↔ "Waihi Beach Assembly Of God Trust Board" (sim=0.93, no shared URL/email — skipping)
  ? Fuzzy candidate: "Waihi Beach Community Shop Incorporated" ↔ "Waihi Beach Opportunity Shop Incorporated" (sim=0.89, no shared URL/email — skipping)
  ? Fuzzy candidate: "Waikato-Tainui" ↔ "Waikato-Tainui" (sim=1.00, no shared URL/email — skipping)
  ? Fuzzy candidate: "Waiora Community Trust" ↔ "Waipa Community Trust" (sim=0.88, no shared URL/email — skipping)
  ? Fuzzy candidate: "Waitaha Charitable Trust" ↔ "Waitaha Hauora Charitable Trust" (sim=0.89, no shared URL/email — skipping)
  ? Fuzzy candidate: "Waiwaka Charitable Trust" ↔ "Waiwaste Charitable Trust" (sim=0.88, no shared URL/email — skipping)
  ? Fuzzy candidate: "Waiwaste Charitable Trust" ↔ "Wale Taute Charitable Trust" (sim=0.86, no shared URL/email — skipping)
  ? Fuzzy candidate: "Wellington City Council" ↔ "Wellington City Council" (sim=1.00, no shared URL/email — skipping)
  ? Fuzzy candidate: "Wellington Community Trust" ↔ "Wellington Irish Community Trust" (sim=0.89, no shared URL/email — skipping)
  ? Fuzzy candidate: "West Coast Community Trust" ↔ "West Coast Community Trust" (sim=1.00, no shared URL/email — skipping)
  ? Fuzzy candidate: "Whangarei District Council" ↔ "Whangarei District Council" (sim=1.00, no shared URL/email — skipping)
  ? Fuzzy candidate: "Whangarei District Council" ↔ "Whangareidistrictcouncil" (sim=0.88, no shared URL/email — skipping)
  ? Fuzzy candidate: "Whangarei District Council" ↔ "Whangareidistrictcouncil" (sim=0.88, no shared URL/email — skipping)
  ? Fuzzy candidate: "Windy Ridge School Parent Teacher Association" ↔ "Winton School Parent Teacher Association" (sim=0.86, no shared URL/email — skipping)
  ? Fuzzy candidate: "Wright Family Foundation" ↔ "Wright Family Foundation" (sim=1.00, no shared URL/email — skipping)
  ? Fuzzy candidate: "Www2" ↔ "Www2" (sim=1.00, no shared URL/email — skipping)
  ? Fuzzy candidate: "Wāhi Charitable Trust" ↔ "Wāhine Toa Charitable Trust" (sim=0.86, no shared URL/email — skipping)
  ? Fuzzy candidate: "Zonta Club of Auckland Incorporated" ↔ "Zonta Club of East Auckland Incorporated" (sim=0.93, no shared URL/email — skipping)
  3 fuzzy groups merged, 574 candidates logged for manual review

--- Summary ---
  URL groups (website): 0
  URL groups (grant page): 39
  Exact name groups: 38
  Fuzzy name groups merged: 3
  Fuzzy candidates (manual review): 574
  Total groups merged: 4
  Charities removed: 4
  Grants re-pointed: 2
  Dry run: false

